5700	199.43	-01,04,01
chr9:21815000-22135000	101726	True	gatgtaccagatctagaaaagaagaacctac	1.0713
chr9:21815000-22135000	102649	True	aattagtaccaccactatagaaagtaatatgc	1.4039
chr9:21815000-22135000	103477	True	aaatttcagaaattagcactaaagaacttac	0.2660
chr9:21815000-22135000	104466	True	GAAGTGAGGTTAAGAGAAGATATTTGTAaac	0.2160
chr9:21815000-22135000	105491	True	ttaaggaaagactgtaaaattTTTATTTTC	1.2580
chr9:21815000-22135000	106640	True	TTACAAGAGACTCAATAAATCAAAATATGC	1.4992
chr9:21815000-22135000	107453	True	ttttaataaactcttacttctgctcaaaaac	0.9402
chr9:21815000-22135000	108857	True	tcactataagatcatggagataaggatatag	1.3717
chr9:21815000-22135000	109433	True	aattttaaatttttaatatgctctatcagc	1.0612
chr9:21815000-22135000	110182	True	ataataaaattggtcttaatagatcaaggac	0.2041
chr9:21815000-22135000	111156	True	AAGGTCATAATGATAATGCCTATAGTAACTC	0.1229
chr9:21815000-22135000	194809	False	AATTGCTAAGTTTGATACAAGTTATGAAAC	1.0408
chr9:21815000-22135000	195428	False	GATTCTGTAAACAAAAATTGTTCACTTTTAG	1.1678
chr9:21815000-22135000	196307	False	GAGAATATTAGATAAAATCCAATCATATTTG	1.0434
chr9:21815000-22135000	196943	False	TTTCTCTTTCTTTCTTCTCAATTATAAATTC	0.1101
chr9:21815000-22135000	197943	False	aactaatacGGATACTAAAATGATGAACAAG	0.8000
chr9:21815000-22135000	198901	False	acaaagaaaaatgttaagtgtcattataaag	0.6300
chr9:21815000-22135000	199900	False	atcattattctcagtaaactatcacaaggac	0.0465
chr9:21815000-22135000	200405	False	cattacctgatttaaaaacttcctataaag	1.2142
chr9:21815000-22135000	200406	False	acattacctgatttaaaaacttcctataaag	0.2135
chr9:21815000-22135000	200407	False	tacattacctgatttaaaaacttcctataaag	1.1114
chr9:21815000-22135000	200981	False	atctacaatgaactcaaacaaatttacaag	1.1973
chr9:21815000-22135000	201926	False	gatcatcaacaggaataataactataatgg	1.2137
chr9:21815000-22135000	202568	False	TAATAACTTTATTCAAGAATGAGTTTCAATG	0.1947
chr9:21815000-22135000	203357	False	AGTAATATGTAAGTATGGCTTCAGTCAAAG	1.1529
=
6489	198.33	-01,04,00
chr9:21815000-22135000	102000	True	ttattttgaaagtagagctataagatttacc	1.1078
chr9:21815000-22135000	102692	True	agaactaaaagtagaactaccattcaatcc	1.3120
chr9:21815000-22135000	103477	True	aaatttcagaaattagcactaaagaacttac	0.2660
chr9:21815000-22135000	104466	True	GAAGTGAGGTTAAGAGAAGATATTTGTAaac	0.2160
chr9:21815000-22135000	105669	True	ggtcaaacttgattaaataattattaagtgg	0.8163
chr9:21815000-22135000	106808	True	aaaataaacataataataacaattagccagg	1.0378
chr9:21815000-22135000	107454	True	tttaataaactcttacttctgctcaaaaac	1.0202
chr9:21815000-22135000	108858	True	cactataagatcatggagataaggatatagg	0.1380
chr9:21815000-22135000	109435	True	ttttaaatttttaatatgctctatcagctag	0.1242
chr9:21815000-22135000	110183	True	taataaaattggtcttaatagatcaaggac	1.4684
chr9:21815000-22135000	111023	True	ATATTTTATTTAGACTAGGGGCTTAGTTAAC	0.4102
chr9:21815000-22135000	194860	False	TCTCTATTTTTATGGTTGACTAATTCAAAC	1.0933
chr9:21815000-22135000	195784	False	GAGCATAAGAGTAAAAGGTAGAGAAATTAAG	0.0034
chr9:21815000-22135000	196720	False	GTATTACATGTGAAATGTCATCTTTGAAGTC	1.1153
chr9:21815000-22135000	197727	False	ACACTATCTTAGTCCTAATCATATGCAAAAG	0.6820
chr9:21815000-22135000	198336	False	GAAAAGTAAAATGTGTAAAAATTAAGATGC	1.2170
chr9:21815000-22135000	199129	False	aatgaaggaatagtaaaattagaatatcacc	0.2041
chr9:21815000-22135000	199900	False	atcattattctcagtaaactatcacaaggac	0.0465
chr9:21815000-22135000	200405	False	cattacctgatttaaaaacttcctataaag	1.2142
chr9:21815000-22135000	200406	False	acattacctgatttaaaaacttcctataaag	0.2135
chr9:21815000-22135000	200407	False	tacattacctgatttaaaaacttcctataaag	1.1114
chr9:21815000-22135000	200993	False	ctaatatccagaatctacaatgaactcaaac	0.5699
chr9:21815000-22135000	202049	False	aagataaaactggaatatattgtcataccag	0.5411
chr9:21815000-22135000	203363	False	GTTATCAGTAATATGTAAGTATGGCTTCAGTC	1.1150
=
