31	0	0	0	0	0	0	0	+	LEFT:3354	31	0	31	chr9:21815000-22135000	320000	104954	104985	1	31,	0,	104954,
31	0	0	0	0	0	0	0	+	LEFT:4068	31	0	31	chr9:21815000-22135000	320000	105668	105699	1	31,	0,	105668,
31	0	0	0	0	0	0	0	+	LEFT:9418	31	0	31	chr9:21815000-22135000	320000	111018	111049	1	31,	0,	111018,
31	0	0	0	0	0	0	0	+	LEFT:483	31	0	31	chr9:21815000-22135000	320000	102083	102114	1	31,	0,	102083,
31	0	0	0	0	0	0	0	+	LEFT:2422	31	0	31	chr9:21815000-22135000	320000	104022	104053	1	31,	0,	104022,
31	0	0	0	0	0	0	0	+	LEFT:116	31	0	31	chr9:21815000-22135000	320000	101716	101747	1	31,	0,	101716,
31	0	0	0	0	0	0	0	+	LEFT:3427	31	0	31	chr9:21815000-22135000	320000	105027	105058	1	31,	0,	105027,
22	0	0	0	0	0	0	0	-	LEFT:3427	31	1	23	chr9:21815000-22135000	320000	104989	105011	1	22,	8,	104989,
31	0	0	0	0	0	0	0	+	LEFT:476	31	0	31	chr9:21815000-22135000	320000	102076	102107	1	31,	0,	102076,
31	0	0	0	0	0	0	0	+	LEFT:3434	31	0	31	chr9:21815000-22135000	320000	105034	105065	1	31,	0,	105034,
31	0	0	0	0	0	0	0	+	LEFT:9556	31	0	31	chr9:21815000-22135000	320000	111156	111187	1	31,	0,	111156,
31	0	0	0	0	0	0	0	+	LEFT:4078	31	0	31	chr9:21815000-22135000	320000	105678	105709	1	31,	0,	105678,
31	0	0	0	0	0	0	0	+	LEFT:7835	31	0	31	chr9:21815000-22135000	320000	109435	109466	1	31,	0,	109435,
31	0	0	0	0	0	0	0	+	LEFT:3381	31	0	31	chr9:21815000-22135000	320000	104981	105012	1	31,	0,	104981,
22	0	0	0	0	0	0	0	-	LEFT:3381	31	8	30	chr9:21815000-22135000	320000	105028	105050	1	22,	1,	105028,
31	0	0	0	0	0	0	0	+	LEFT:7258	31	0	31	chr9:21815000-22135000	320000	108858	108889	1	31,	0,	108858,
31	0	0	0	0	0	0	0	+	LEFT:1086	31	0	31	chr9:21815000-22135000	320000	102686	102717	1	31,	0,	102686,
28	1	0	0	0	0	0	0	+	LEFT:1086	31	0	29	chr9:21815000-22135000	320000	31675	31704	1	29,	0,	31675,
30	0	0	0	0	0	0	0	-	LEFT:1086	31	0	30	chr9:21815000-22135000	320000	147678	147708	1	30,	1,	147678,
31	0	0	0	0	0	0	0	+	LEFT:1171	31	0	31	chr9:21815000-22135000	320000	102771	102802	1	31,	0,	102771,
25	1	0	0	0	0	0	0	+	LEFT:1171	31	0	26	chr9:21815000-22135000	320000	83916	83942	1	26,	0,	83916,
31	0	0	0	0	0	0	0	+	LEFT:119	31	0	31	chr9:21815000-22135000	320000	101719	101750	1	31,	0,	101719,
31	0	0	0	0	0	0	0	+	LEFT:1270	31	0	31	chr9:21815000-22135000	320000	102870	102901	1	31,	0,	102870,
16	0	0	0	0	0	0	0	+	LEFT:1270	31	0	16	chr9:21815000-22135000	320000	167602	167618	1	16,	0,	167602,
31	0	0	0	0	0	0	0	+	LEFT:8196	31	0	31	chr9:21815000-22135000	320000	109796	109827	1	31,	0,	109796,
31	0	0	0	0	0	0	0	+	LEFT:1169	31	0	31	chr9:21815000-22135000	320000	102769	102800	1	31,	0,	102769,
31	0	0	0	0	0	0	0	+	LEFT:8582	31	0	31	chr9:21815000-22135000	320000	110182	110213	1	31,	0,	110182,
31	0	0	0	0	0	0	0	+	LEFT:4795	31	0	31	chr9:21815000-22135000	320000	106395	106426	1	31,	0,	106395,
31	0	0	0	0	0	0	0	+	LEFT:3372	31	0	31	chr9:21815000-22135000	320000	104972	105003	1	31,	0,	104972,
31	0	0	0	0	0	0	0	+	LEFT:2866	31	0	31	chr9:21815000-22135000	320000	104466	104497	1	31,	0,	104466,
31	0	0	0	0	0	0	0	+	LEFT:3383	31	0	31	chr9:21815000-22135000	320000	104983	105014	1	31,	0,	104983,
22	0	0	0	0	0	0	0	-	LEFT:3383	31	6	28	chr9:21815000-22135000	320000	105028	105050	1	22,	3,	105028,
31	0	0	0	0	0	0	0	+	LEFT:384	31	0	31	chr9:21815000-22135000	320000	101984	102015	1	31,	0,	101984,
31	0	0	0	0	0	0	0	+	LEFT:1075	31	0	31	chr9:21815000-22135000	320000	102675	102706	1	31,	0,	102675,
25	0	0	0	0	0	0	0	-	LEFT:1075	31	6	31	chr9:21815000-22135000	320000	147688	147713	1	25,	0,	147688,
31	0	0	0	0	0	0	0	+	LEFT:1250	31	0	31	chr9:21815000-22135000	320000	102850	102881	1	31,	0,	102850,
31	0	0	0	0	0	0	0	+	LEFT:4688	31	0	31	chr9:21815000-22135000	320000	106288	106319	1	31,	0,	106288,
31	0	0	0	0	0	0	0	+	LEFT:310	31	0	31	chr9:21815000-22135000	320000	101910	101941	1	31,	0,	101910,
31	0	0	0	0	0	0	0	+	LEFT:579	31	0	31	chr9:21815000-22135000	320000	102179	102210	1	31,	0,	102179,
31	0	0	0	0	0	0	0	+	LEFT:1298	31	0	31	chr9:21815000-22135000	320000	102898	102929	1	31,	0,	102898,
21	0	0	0	1	1	1	3	-	LEFT:1298	31	5	27	chr9:21815000-22135000	320000	70739	70763	2	6,15,	4,11,	70739,70748,
31	0	0	0	0	0	0	0	+	LEFT:7239	31	0	31	chr9:21815000-22135000	320000	108839	108870	1	31,	0,	108839,
31	0	0	0	0	0	0	0	+	LEFT:9411	31	0	31	chr9:21815000-22135000	320000	111011	111042	1	31,	0,	111011,
31	0	0	0	0	0	0	0	+	LEFT:1877	31	0	31	chr9:21815000-22135000	320000	103477	103508	1	31,	0,	103477,
15	0	0	0	0	0	0	0	-	LEFT:1877	31	16	31	chr9:21815000-22135000	320000	147191	147206	1	15,	0,	147191,
31	0	0	0	0	0	0	0	+	LEFT:1873	31	0	31	chr9:21815000-22135000	320000	103473	103504	1	31,	0,	103473,
31	0	0	0	0	0	0	0	+	LEFT:1090	31	0	31	chr9:21815000-22135000	320000	102690	102721	1	31,	0,	102690,
24	1	0	0	0	0	0	0	+	LEFT:1090	31	0	25	chr9:21815000-22135000	320000	31679	31704	1	25,	0,	31679,
26	0	0	0	0	0	0	0	-	LEFT:1090	31	0	26	chr9:21815000-22135000	320000	147678	147704	1	26,	5,	147678,
31	0	0	0	0	0	0	0	+	LEFT:3010	31	0	31	chr9:21815000-22135000	320000	104610	104641	1	31,	0,	104610,
31	0	0	0	0	0	0	0	+	LEFT:7251	31	0	31	chr9:21815000-22135000	320000	108851	108882	1	31,	0,	108851,
31	0	0	0	0	0	0	0	+	LEFT:4448	31	0	31	chr9:21815000-22135000	320000	106048	106079	1	31,	0,	106048,
31	0	0	0	0	0	0	0	+	LEFT:2250	31	0	31	chr9:21815000-22135000	320000	103850	103881	1	31,	0,	103850,
31	0	0	0	0	0	0	0	+	LEFT:4896	31	0	31	chr9:21815000-22135000	320000	106496	106527	1	31,	0,	106496,
31	0	0	0	0	0	0	0	+	LEFT:8179	31	0	31	chr9:21815000-22135000	320000	109779	109810	1	31,	0,	109779,
31	0	0	0	0	0	0	0	+	LEFT:4121	31	0	31	chr9:21815000-22135000	320000	105721	105752	1	31,	0,	105721,
31	0	0	0	0	0	0	0	+	LEFT:1052	31	0	31	chr9:21815000-22135000	320000	102652	102683	1	31,	0,	102652,
31	0	0	0	0	0	0	0	+	LEFT:8181	31	0	31	chr9:21815000-22135000	320000	109781	109812	1	31,	0,	109781,
31	0	0	0	0	0	0	0	+	LEFT:3388	31	0	31	chr9:21815000-22135000	320000	104988	105019	1	31,	0,	104988,
22	0	0	0	0	0	0	0	-	LEFT:3388	31	1	23	chr9:21815000-22135000	320000	105028	105050	1	22,	8,	105028,
31	0	0	0	0	0	0	0	+	LEFT:3507	31	0	31	chr9:21815000-22135000	320000	105107	105138	1	31,	0,	105107,
31	0	0	0	0	0	0	0	+	LEFT:2324	31	0	31	chr9:21815000-22135000	320000	103924	103955	1	31,	0,	103924,
31	0	0	0	0	0	0	0	+	LEFT:9423	31	0	31	chr9:21815000-22135000	320000	111023	111054	1	31,	0,	111023,
31	0	0	0	0	0	0	0	+	LEFT:2504	31	0	31	chr9:21815000-22135000	320000	104104	104135	1	31,	0,	104104,
31	0	0	0	0	0	0	0	+	LEFT:111	31	0	31	chr9:21815000-22135000	320000	101711	101742	1	31,	0,	101711,
31	0	0	0	0	0	0	0	+	LEFT:4788	31	0	31	chr9:21815000-22135000	320000	106388	106419	1	31,	0,	106388,
31	0	0	0	0	0	0	0	+	LEFT:387	31	0	31	chr9:21815000-22135000	320000	101987	102018	1	31,	0,	101987,
31	0	0	0	0	0	0	0	+	LEFT:9554	31	0	31	chr9:21815000-22135000	320000	111154	111185	1	31,	0,	111154,
31	0	0	0	0	0	0	0	+	LEFT:563	31	0	31	chr9:21815000-22135000	320000	102163	102194	1	31,	0,	102163,
31	0	0	0	0	0	0	0	+	LEFT:486	31	0	31	chr9:21815000-22135000	320000	102086	102117	1	31,	0,	102086,
31	0	0	0	0	0	0	0	+	LEFT:9693	31	0	31	chr9:21815000-22135000	320000	111293	111324	1	31,	0,	111293,
31	0	0	0	0	0	0	0	+	LEFT:1305	31	0	31	chr9:21815000-22135000	320000	102905	102936	1	31,	0,	102905,
31	0	0	0	0	0	0	0	+	LEFT:4497	31	0	31	chr9:21815000-22135000	320000	106097	106128	1	31,	0,	106097,
31	0	0	0	0	0	0	0	+	LEFT:2767	31	0	31	chr9:21815000-22135000	320000	104367	104398	1	31,	0,	104367,
31	0	0	0	0	0	0	0	+	LEFT:1072	31	0	31	chr9:21815000-22135000	320000	102672	102703	1	31,	0,	102672,
22	0	0	0	0	0	0	0	-	LEFT:1072	31	9	31	chr9:21815000-22135000	320000	147691	147713	1	22,	0,	147691,
31	0	0	0	0	0	0	0	+	LEFT:4927	31	0	31	chr9:21815000-22135000	320000	106527	106558	1	31,	0,	106527,
31	0	0	0	0	0	0	0	+	LEFT:4911	31	0	31	chr9:21815000-22135000	320000	106511	106542	1	31,	0,	106511,
31	0	0	0	0	0	0	0	+	LEFT:3656	31	0	31	chr9:21815000-22135000	320000	105256	105287	1	31,	0,	105256,
31	0	0	0	0	0	0	0	+	LEFT:9362	31	0	31	chr9:21815000-22135000	320000	110962	110993	1	31,	0,	110962,
31	0	0	0	0	0	0	0	+	LEFT:1066	31	0	31	chr9:21815000-22135000	320000	102666	102697	1	31,	0,	102666,
16	0	0	0	0	0	0	0	-	LEFT:1066	31	15	31	chr9:21815000-22135000	320000	147697	147713	1	16,	0,	147697,
31	0	0	0	0	0	0	0	+	LEFT:315	31	0	31	chr9:21815000-22135000	320000	101915	101946	1	31,	0,	101915,
31	0	0	0	0	0	0	0	+	LEFT:4529	31	0	31	chr9:21815000-22135000	320000	106129	106160	1	31,	0,	106129,
31	0	0	0	0	0	0	0	+	LEFT:3377	31	0	31	chr9:21815000-22135000	320000	104977	105008	1	31,	0,	104977,
19	0	0	0	0	0	0	0	-	LEFT:3377	31	12	31	chr9:21815000-22135000	320000	105031	105050	1	19,	0,	105031,
31	0	0	0	0	0	0	0	+	LEFT:3543	31	0	31	chr9:21815000-22135000	320000	105143	105174	1	31,	0,	105143,
31	0	0	0	0	0	0	0	+	LEFT:2874	31	0	31	chr9:21815000-22135000	320000	104474	104505	1	31,	0,	104474,
31	0	0	0	0	0	0	0	+	LEFT:4536	31	0	31	chr9:21815000-22135000	320000	106136	106167	1	31,	0,	106136,
31	0	0	0	0	0	0	0	+	LEFT:7840	31	0	31	chr9:21815000-22135000	320000	109440	109471	1	31,	0,	109440,
31	0	0	0	0	0	0	0	+	LEFT:3539	31	0	31	chr9:21815000-22135000	320000	105139	105170	1	31,	0,	105139,
31	0	0	0	0	0	0	0	+	LEFT:4523	31	0	31	chr9:21815000-22135000	320000	106123	106154	1	31,	0,	106123,
31	0	0	0	0	0	0	0	+	LEFT:2726	31	0	31	chr9:21815000-22135000	320000	104326	104357	1	31,	0,	104326,
31	0	0	0	0	0	0	0	+	LEFT:4784	31	0	31	chr9:21815000-22135000	320000	106384	106415	1	31,	0,	106384,
31	0	0	0	0	0	0	0	+	LEFT:7838	31	0	31	chr9:21815000-22135000	320000	109438	109469	1	31,	0,	109438,
31	0	0	0	0	0	0	0	+	LEFT:8186	31	0	31	chr9:21815000-22135000	320000	109786	109817	1	31,	0,	109786,
31	0	0	0	0	0	0	0	+	LEFT:4508	31	0	31	chr9:21815000-22135000	320000	106108	106139	1	31,	0,	106108,
31	0	0	0	0	0	0	0	+	LEFT:1082	31	0	31	chr9:21815000-22135000	320000	102682	102713	1	31,	0,	102682,
30	1	0	0	0	0	0	0	+	LEFT:1082	31	0	31	chr9:21815000-22135000	320000	31671	31702	1	31,	0,	31671,
31	0	0	0	0	0	0	0	-	LEFT:1082	31	0	31	chr9:21815000-22135000	320000	147681	147712	1	31,	0,	147681,
31	0	0	0	0	0	0	0	+	LEFT:1274	31	0	31	chr9:21815000-22135000	320000	102874	102905	1	31,	0,	102874,
31	0	0	0	0	0	0	0	+	LEFT:3092	31	0	31	chr9:21815000-22135000	320000	104692	104723	1	31,	0,	104692,
31	0	0	0	0	0	0	0	+	LEFT:3654	31	0	31	chr9:21815000-22135000	320000	105254	105285	1	31,	0,	105254,
31	0	0	0	0	0	0	0	+	LEFT:2481	31	0	31	chr9:21815000-22135000	320000	104081	104112	1	31,	0,	104081,
31	0	0	0	0	0	0	0	+	LEFT:4922	31	0	31	chr9:21815000-22135000	320000	106522	106553	1	31,	0,	106522,
31	0	0	0	0	0	0	0	+	LEFT:9558	31	0	31	chr9:21815000-22135000	320000	111158	111189	1	31,	0,	111158,
31	0	0	0	0	0	0	0	+	LEFT:4535	31	0	31	chr9:21815000-22135000	320000	106135	106166	1	31,	0,	106135,
31	0	0	0	0	0	0	0	+	LEFT:3013	31	0	31	chr9:21815000-22135000	320000	104613	104644	1	31,	0,	104613,
31	0	0	0	0	0	0	0	+	LEFT:4069	31	0	31	chr9:21815000-22135000	320000	105669	105700	1	31,	0,	105669,
31	0	0	0	0	0	0	0	+	LEFT:1300	31	0	31	chr9:21815000-22135000	320000	102900	102931	1	31,	0,	102900,
31	0	0	0	0	0	0	0	+	LEFT:122	31	0	31	chr9:21815000-22135000	320000	101722	101753	1	31,	0,	101722,
31	0	0	0	0	0	0	0	+	LEFT:8183	31	0	31	chr9:21815000-22135000	320000	109783	109814	1	31,	0,	109783,
31	0	0	0	0	0	0	0	+	LEFT:7245	31	0	31	chr9:21815000-22135000	320000	108845	108876	1	31,	0,	108845,
31	0	0	0	0	0	0	0	+	LEFT:1399	31	0	31	chr9:21815000-22135000	320000	102999	103030	1	31,	0,	102999,
31	0	0	0	0	0	0	0	+	LEFT:566	31	0	31	chr9:21815000-22135000	320000	102166	102197	1	31,	0,	102166,
31	0	0	0	0	0	0	0	+	LEFT:9559	31	0	31	chr9:21815000-22135000	320000	111159	111190	1	31,	0,	111159,
31	0	0	0	0	0	0	0	+	LEFT:404	31	0	31	chr9:21815000-22135000	320000	102004	102035	1	31,	0,	102004,
31	0	0	0	0	0	0	0	+	LEFT:9681	31	0	31	chr9:21815000-22135000	320000	111281	111312	1	31,	0,	111281,
31	0	0	0	0	0	0	0	+	LEFT:2311	31	0	31	chr9:21815000-22135000	320000	103911	103942	1	31,	0,	103911,
31	0	0	0	0	0	0	0	+	LEFT:5853	31	0	31	chr9:21815000-22135000	320000	107453	107484	1	31,	0,	107453,
31	0	0	0	0	0	0	0	+	LEFT:4079	31	0	31	chr9:21815000-22135000	320000	105679	105710	1	31,	0,	105679,
31	0	0	0	0	0	0	0	+	LEFT:4809	31	0	31	chr9:21815000-22135000	320000	106409	106440	1	31,	0,	106409,
31	0	0	0	0	0	0	0	+	LEFT:1063	31	0	31	chr9:21815000-22135000	320000	102663	102694	1	31,	0,	102663,
32	0	0	0	0	0	0	0	+	LEFT:4878	32	0	32	chr9:21815000-22135000	320000	106478	106510	1	32,	0,	106478,
30	0	0	0	0	0	0	0	+	LEFT:3435	30	0	30	chr9:21815000-22135000	320000	105035	105065	1	30,	0,	105035,
32	0	0	0	0	0	0	0	+	LEFT:9680	32	0	32	chr9:21815000-22135000	320000	111280	111312	1	32,	0,	111280,
31	0	0	0	0	0	0	0	+	LEFT:5038	31	0	31	chr9:21815000-22135000	320000	106638	106669	1	31,	0,	106638,
31	0	0	0	0	0	0	0	+	LEFT:9694	31	0	31	chr9:21815000-22135000	320000	111294	111325	1	31,	0,	111294,
32	0	0	0	0	0	0	0	+	LEFT:3009	32	0	32	chr9:21815000-22135000	320000	104609	104641	1	32,	0,	104609,
32	0	0	0	0	0	0	0	+	LEFT:577	32	0	32	chr9:21815000-22135000	320000	102177	102209	1	32,	0,	102177,
30	0	0	0	0	0	0	0	+	LEFT:4080	30	0	30	chr9:21815000-22135000	320000	105680	105710	1	30,	0,	105680,
30	0	0	0	0	0	0	0	+	LEFT:5854	30	0	30	chr9:21815000-22135000	320000	107454	107484	1	30,	0,	107454,
30	0	0	0	0	0	0	0	+	LEFT:1076	30	0	30	chr9:21815000-22135000	320000	102676	102706	1	30,	0,	102676,
30	0	0	0	0	0	1	335	-	LEFT:1076	30	0	30	chr9:21815000-22135000	320000	147688	148053	2	25,5,	0,25,	147688,148048,
30	0	0	0	0	0	0	0	+	LEFT:405	30	0	30	chr9:21815000-22135000	320000	102005	102035	1	30,	0,	102005,
30	0	0	0	0	0	0	0	+	LEFT:487	30	0	30	chr9:21815000-22135000	320000	102087	102117	1	30,	0,	102087,
30	0	0	0	0	0	0	0	+	LEFT:660	30	0	30	chr9:21815000-22135000	320000	102260	102290	1	30,	0,	102260,
30	0	0	0	0	0	0	0	+	LEFT:127	30	0	30	chr9:21815000-22135000	320000	101727	101757	1	30,	0,	101727,
31	0	0	0	0	0	0	0	+	LEFT:5208	31	0	31	chr9:21815000-22135000	320000	106808	106839	1	31,	0,	106808,
31	0	0	0	0	0	0	0	+	LEFT:659	31	0	31	chr9:21815000-22135000	320000	102259	102290	1	31,	0,	102259,
30	0	0	0	0	0	0	0	+	LEFT:7833	30	0	30	chr9:21815000-22135000	320000	109433	109463	1	30,	0,	109433,
31	0	0	0	0	0	0	0	+	LEFT:9561	31	0	31	chr9:21815000-22135000	320000	111161	111192	1	31,	0,	111161,
31	0	0	0	0	0	0	0	+	LEFT:129	31	0	31	chr9:21815000-22135000	320000	101729	101760	1	31,	0,	101729,
31	0	0	0	0	0	0	0	+	LEFT:126	31	0	31	chr9:21815000-22135000	320000	101726	101757	1	31,	0,	101726,
31	0	0	0	0	0	0	0	+	LEFT:4934	31	0	31	chr9:21815000-22135000	320000	106534	106565	1	31,	0,	106534,
30	0	0	0	0	0	0	0	+	LEFT:1871	30	0	30	chr9:21815000-22135000	320000	103471	103501	1	30,	0,	103471,
32	0	0	0	0	0	0	0	+	LEFT:3353	32	0	32	chr9:21815000-22135000	320000	104953	104985	1	32,	0,	104953,
31	0	0	0	0	0	0	0	+	LEFT:7259	31	0	31	chr9:21815000-22135000	320000	108859	108890	1	31,	0,	108859,
30	0	0	0	0	0	0	0	+	LEFT:1400	30	0	30	chr9:21815000-22135000	320000	103000	103030	1	30,	0,	103000,
31	0	0	0	0	0	0	0	+	LEFT:4120	31	0	31	chr9:21815000-22135000	320000	105720	105751	1	31,	0,	105720,
31	0	0	0	0	0	0	0	+	LEFT:2251	31	0	31	chr9:21815000-22135000	320000	103851	103882	1	31,	0,	103851,
15	0	0	0	0	0	0	0	-	LEFT:2251	31	16	31	chr9:21815000-22135000	320000	84481	84496	1	15,	0,	84481,
30	0	0	0	0	0	0	0	+	LEFT:3389	30	0	30	chr9:21815000-22135000	320000	104989	105019	1	30,	0,	104989,
22	0	0	0	0	0	0	0	-	LEFT:3389	30	0	22	chr9:21815000-22135000	320000	105028	105050	1	22,	8,	105028,
32	0	0	0	0	0	0	0	+	LEFT:3007	32	0	32	chr9:21815000-22135000	320000	104607	104639	1	32,	0,	104607,
31	0	0	0	0	0	0	0	+	LEFT:8580	31	0	31	chr9:21815000-22135000	320000	110180	110211	1	31,	0,	110180,
31	0	0	0	0	0	0	0	+	LEFT:5039	31	0	31	chr9:21815000-22135000	320000	106639	106670	1	31,	0,	106639,
31	0	0	0	0	0	0	0	+	LEFT:400	31	0	31	chr9:21815000-22135000	320000	102000	102031	1	31,	0,	102000,
32	0	0	0	0	0	0	0	+	LEFT:7834	32	0	32	chr9:21815000-22135000	320000	109434	109466	1	32,	0,	109434,
31	0	0	0	0	0	0	0	+	LEFT:4506	31	0	31	chr9:21815000-22135000	320000	106106	106137	1	31,	0,	106106,
30	0	0	0	0	0	0	0	+	LEFT:1073	30	0	30	chr9:21815000-22135000	320000	102673	102703	1	30,	0,	102673,
22	0	0	0	0	0	0	0	-	LEFT:1073	30	8	30	chr9:21815000-22135000	320000	147691	147713	1	22,	0,	147691,
31	0	0	0	0	0	0	0	+	LEFT:2514	31	0	31	chr9:21815000-22135000	320000	104114	104145	1	31,	0,	104114,
31	0	0	0	0	0	0	0	+	LEFT:2768	31	0	31	chr9:21815000-22135000	320000	104368	104399	1	31,	0,	104368,
31	0	0	0	0	0	0	0	+	LEFT:3008	31	0	31	chr9:21815000-22135000	320000	104608	104639	1	31,	0,	104608,
30	0	0	0	0	0	0	0	+	LEFT:7243	30	0	30	chr9:21815000-22135000	320000	108843	108873	1	30,	0,	108843,
32	0	0	0	0	0	0	0	+	LEFT:1081	32	0	32	chr9:21815000-22135000	320000	102681	102713	1	32,	0,	102681,
31	1	0	0	0	0	0	0	+	LEFT:1081	32	0	32	chr9:21815000-22135000	320000	31670	31702	1	32,	0,	31670,
32	0	0	0	0	0	0	0	-	LEFT:1081	32	0	32	chr9:21815000-22135000	320000	147681	147713	1	32,	0,	147681,
30	0	0	0	0	0	0	0	+	LEFT:3341	30	0	30	chr9:21815000-22135000	320000	104941	104971	1	30,	0,	104941,
30	0	0	0	0	0	0	0	+	LEFT:9419	30	0	30	chr9:21815000-22135000	320000	111019	111049	1	30,	0,	111019,
31	0	0	0	0	0	0	0	+	LEFT:4924	31	0	31	chr9:21815000-22135000	320000	106524	106555	1	31,	0,	106524,
31	0	0	0	0	0	0	0	+	LEFT:3508	31	0	31	chr9:21815000-22135000	320000	105108	105139	1	31,	0,	105108,
30	0	0	0	0	0	0	0	+	LEFT:5386	30	0	30	chr9:21815000-22135000	320000	106986	107016	1	30,	0,	106986,
31	0	0	0	0	0	0	0	+	LEFT:4904	31	0	31	chr9:21815000-22135000	320000	106504	106535	1	31,	0,	106504,
30	0	0	0	0	0	0	0	+	LEFT:112	30	0	30	chr9:21815000-22135000	320000	101712	101742	1	30,	0,	101712,
32	0	0	0	0	0	0	0	+	LEFT:4534	32	0	32	chr9:21815000-22135000	320000	106134	106166	1	32,	0,	106134,
30	0	0	0	0	0	0	0	+	LEFT:2325	30	0	30	chr9:21815000-22135000	320000	103925	103955	1	30,	0,	103925,
30	0	0	0	0	0	0	0	+	LEFT:9363	30	0	30	chr9:21815000-22135000	320000	110963	110993	1	30,	0,	110963,
30	0	0	0	0	0	0	0	+	LEFT:1299	30	0	30	chr9:21815000-22135000	320000	102899	102929	1	30,	0,	102899,
21	0	0	0	1	1	1	3	-	LEFT:1299	30	4	26	chr9:21815000-22135000	320000	70739	70763	2	6,15,	4,11,	70739,70748,
30	0	0	0	0	0	0	0	+	LEFT:5209	30	0	30	chr9:21815000-22135000	320000	106809	106839	1	30,	0,	106809,
15	0	0	0	0	0	0	0	+	LEFT:5209	30	0	15	chr9:21815000-22135000	320000	165480	165495	1	15,	0,	165480,
30	0	0	0	0	0	0	0	+	LEFT:477	30	0	30	chr9:21815000-22135000	320000	102077	102107	1	30,	0,	102077,
32	0	0	0	0	0	0	0	+	LEFT:2471	32	0	32	chr9:21815000-22135000	320000	104071	104103	1	32,	0,	104071,
30	0	0	0	0	0	0	0	+	LEFT:1874	30	0	30	chr9:21815000-22135000	320000	103474	103504	1	30,	0,	103474,
30	0	0	0	0	0	0	0	+	LEFT:3014	30	0	30	chr9:21815000-22135000	320000	104614	104644	1	30,	0,	104614,
30	0	0	0	0	0	0	0	+	LEFT:580	30	0	30	chr9:21815000-22135000	320000	102180	102210	1	30,	0,	102180,
32	0	0	0	0	0	0	0	+	LEFT:3426	32	0	32	chr9:21815000-22135000	320000	105026	105058	1	32,	0,	105026,
23	1	0	0	0	0	0	0	-	LEFT:3426	32	0	24	chr9:21815000-22135000	320000	104989	105013	1	24,	8,	104989,
32	0	0	0	0	0	0	0	+	LEFT:4903	32	0	32	chr9:21815000-22135000	320000	106503	106535	1	32,	0,	106503,
30	0	0	0	0	0	0	0	+	LEFT:2505	30	0	30	chr9:21815000-22135000	320000	104105	104135	1	30,	0,	104105,
30	0	0	0	0	0	0	0	+	LEFT:4606	30	0	30	chr9:21815000-22135000	320000	106206	106236	1	30,	0,	106206,
20	0	0	0	0	0	1	218	-	LEFT:4606	30	0	20	chr9:21815000-22135000	320000	224167	224405	2	15,5,	10,25,	224167,224400,
31	0	0	0	0	0	0	0	+	LEFT:4232	31	0	31	chr9:21815000-22135000	320000	105832	105863	1	31,	0,	105832,
32	0	0	0	0	0	0	0	+	LEFT:1249	32	0	32	chr9:21815000-22135000	320000	102849	102881	1	32,	0,	102849,
31	0	0	0	0	0	0	0	+	LEFT:1042	31	0	31	chr9:21815000-22135000	320000	102642	102673	1	31,	0,	102642,
31	0	0	0	0	0	0	0	+	LEFT:1410	31	0	31	chr9:21815000-22135000	320000	103010	103041	1	31,	0,	103010,
30	0	0	0	0	0	0	0	+	LEFT:417	30	0	30	chr9:21815000-22135000	320000	102017	102047	1	30,	0,	102017,
31	0	0	0	0	0	0	0	+	LEFT:1180	31	0	31	chr9:21815000-22135000	320000	102780	102811	1	31,	0,	102780,
25	2	0	0	0	0	0	0	+	LEFT:1180	31	0	27	chr9:21815000-22135000	320000	31772	31799	1	27,	0,	31772,
30	0	0	0	0	0	0	0	+	LEFT:4925	30	0	30	chr9:21815000-22135000	320000	106525	106555	1	30,	0,	106525,
32	0	0	0	0	0	0	0	+	LEFT:3506	32	0	32	chr9:21815000-22135000	320000	105106	105138	1	32,	0,	105106,
31	0	0	0	0	0	0	0	+	LEFT:2774	31	0	31	chr9:21815000-22135000	320000	104374	104405	1	31,	0,	104374,
30	0	0	0	0	0	0	0	+	LEFT:7237	30	0	30	chr9:21815000-22135000	320000	108837	108867	1	30,	0,	108837,
30	0	0	0	0	0	0	0	+	LEFT:2875	30	0	30	chr9:21815000-22135000	320000	104475	104505	1	30,	0,	104475,
32	0	0	0	0	0	0	0	+	LEFT:9692	32	0	32	chr9:21815000-22135000	320000	111292	111324	1	32,	0,	111292,
32	0	0	0	0	0	0	0	+	LEFT:4067	32	0	32	chr9:21815000-22135000	320000	105667	105699	1	32,	0,	105667,
32	0	0	0	0	0	0	0	+	LEFT:3380	32	0	32	chr9:21815000-22135000	320000	104980	105012	1	32,	0,	104980,
22	0	0	0	0	0	0	0	-	LEFT:3380	32	9	31	chr9:21815000-22135000	320000	105028	105050	1	22,	1,	105028,
31	0	0	0	0	0	0	0	+	LEFT:3865	31	0	31	chr9:21815000-22135000	320000	105465	105496	1	31,	0,	105465,
32	0	0	0	0	0	0	0	+	LEFT:7837	32	0	32	chr9:21815000-22135000	320000	109437	109469	1	32,	0,	109437,
31	0	0	0	0	0	0	0	+	LEFT:4890	31	0	31	chr9:21815000-22135000	320000	106490	106521	1	31,	0,	106490,
31	0	0	0	0	0	0	0	+	LEFT:312	31	0	31	chr9:21815000-22135000	320000	101912	101943	1	31,	0,	101912,
30	0	0	0	0	0	0	0	+	LEFT:7244	30	0	30	chr9:21815000-22135000	320000	108844	108874	1	30,	0,	108844,
30	0	0	0	0	0	0	0	+	LEFT:1301	30	0	30	chr9:21815000-22135000	320000	102901	102931	1	30,	0,	102901,
31	0	0	0	0	0	0	0	+	LEFT:3026	31	0	31	chr9:21815000-22135000	320000	104626	104657	1	31,	0,	104626,
31	0	0	0	0	0	0	0	+	LEFT:2867	31	0	31	chr9:21815000-22135000	320000	104467	104498	1	31,	0,	104467,
31	0	0	0	0	0	0	0	+	LEFT:1091	31	0	31	chr9:21815000-22135000	320000	102691	102722	1	31,	0,	102691,
31	0	0	0	0	0	1	8	-	LEFT:1091	31	0	31	chr9:21815000-22135000	320000	147664	147703	2	6,25,	0,6,	147664,147678,
30	0	0	0	0	0	0	0	+	LEFT:3355	30	0	30	chr9:21815000-22135000	320000	104955	104985	1	30,	0,	104955,
32	0	0	0	0	0	0	0	+	LEFT:4803	32	0	32	chr9:21815000-22135000	320000	106403	106435	1	32,	0,	106403,
30	0	0	0	0	0	0	0	+	LEFT:1117	30	0	30	chr9:21815000-22135000	320000	102717	102747	1	30,	0,	102717,
19	1	0	0	0	0	0	0	-	LEFT:1117	30	1	21	chr9:21815000-22135000	320000	147656	147676	1	20,	9,	147656,
31	0	0	0	0	0	0	0	+	LEFT:123	31	0	31	chr9:21815000-22135000	320000	101723	101754	1	31,	0,	101723,
30	0	0	0	0	0	0	0	+	LEFT:3384	30	0	30	chr9:21815000-22135000	320000	104984	105014	1	30,	0,	104984,
27	0	0	0	0	0	1	160	-	LEFT:3384	30	0	27	chr9:21815000-22135000	320000	105028	105215	2	22,5,	3,25,	105028,105210,
30	0	0	0	0	0	0	0	+	LEFT:1053	30	0	30	chr9:21815000-22135000	320000	102653	102683	1	30,	0,	102653,
30	0	0	0	0	0	0	0	+	LEFT:3891	30	0	30	chr9:21815000-22135000	320000	105491	105521	1	30,	0,	105491,
30	0	0	0	0	0	0	0	+	LEFT:8187	30	0	30	chr9:21815000-22135000	320000	109787	109817	1	30,	0,	109787,
31	0	0	0	0	0	0	0	+	LEFT:4607	31	0	31	chr9:21815000-22135000	320000	106207	106238	1	31,	0,	106207,
30	0	0	0	0	0	0	0	+	LEFT:3343	30	0	30	chr9:21815000-22135000	320000	104943	104973	1	30,	0,	104943,
30	0	0	0	0	0	0	0	+	LEFT:7841	30	0	30	chr9:21815000-22135000	320000	109441	109471	1	30,	0,	109441,
31	0	0	0	0	0	0	0	+	LEFT:5856	31	0	31	chr9:21815000-22135000	320000	107456	107487	1	31,	0,	107456,
30	0	0	0	0	0	0	0	+	LEFT:9969	30	0	30	chr9:21815000-22135000	320000	111569	111599	1	30,	0,	111569,
31	0	0	0	0	0	0	0	+	LEFT:4521	31	0	31	chr9:21815000-22135000	320000	106121	106152	1	31,	0,	106121,
32	0	0	0	0	0	0	0	+	LEFT:8581	32	0	32	chr9:21815000-22135000	320000	110181	110213	1	32,	0,	110181,
30	0	0	0	0	0	0	0	+	LEFT:3478	30	0	30	chr9:21815000-22135000	320000	105078	105108	1	30,	0,	105078,
30	0	0	0	0	0	0	0	+	LEFT:2101	30	0	30	chr9:21815000-22135000	320000	103701	103731	1	30,	0,	103701,
17	0	0	0	0	0	0	0	-	LEFT:2101	30	13	30	chr9:21815000-22135000	320000	84651	84668	1	17,	0,	84651,
30	0	0	0	0	0	0	0	+	LEFT:2868	30	0	30	chr9:21815000-22135000	320000	104468	104498	1	30,	0,	104468,
30	0	0	0	0	0	0	0	+	LEFT:1092	30	0	30	chr9:21815000-22135000	320000	102692	102722	1	30,	0,	102692,
23	0	0	0	0	0	0	0	+	LEFT:1092	30	0	23	chr9:21815000-22135000	320000	31681	31704	1	23,	0,	31681,
30	0	0	0	0	0	1	8	-	LEFT:1092	30	0	30	chr9:21815000-22135000	320000	147664	147702	2	6,24,	0,6,	147664,147678,
32	0	0	0	0	0	0	0	+	LEFT:4522	32	0	32	chr9:21815000-22135000	320000	106122	106154	1	32,	0,	106122,
30	0	0	0	0	0	0	0	+	LEFT:3866	30	0	30	chr9:21815000-22135000	320000	105466	105496	1	30,	0,	105466,
31	0	0	0	0	0	0	0	+	LEFT:4937	31	0	31	chr9:21815000-22135000	320000	106537	106568	1	31,	0,	106537,
31	0	0	0	0	0	0	0	+	LEFT:2321	31	0	31	chr9:21815000-22135000	320000	103921	103952	1	31,	0,	103921,
30	0	0	0	0	0	0	0	+	LEFT:3093	30	0	30	chr9:21815000-22135000	320000	104693	104723	1	30,	0,	104693,
30	0	0	0	0	0	0	0	+	LEFT:4449	30	0	30	chr9:21815000-22135000	320000	106049	106079	1	30,	0,	106049,
32	0	0	0	0	0	0	0	+	LEFT:1297	32	0	32	chr9:21815000-22135000	320000	102897	102929	1	32,	0,	102897,
21	0	0	0	1	1	1	3	-	LEFT:1297	32	6	28	chr9:21815000-22135000	320000	70739	70763	2	6,15,	4,11,	70739,70748,
30	0	0	0	0	0	0	0	+	LEFT:3428	30	0	30	chr9:21815000-22135000	320000	105028	105058	1	30,	0,	105028,
22	0	0	0	0	0	0	0	-	LEFT:3428	30	0	22	chr9:21815000-22135000	320000	104989	105011	1	22,	8,	104989,
30	0	0	0	0	0	0	0	+	LEFT:3378	30	0	30	chr9:21815000-22135000	320000	104978	105008	1	30,	0,	104978,
19	0	0	0	0	0	0	0	-	LEFT:3378	30	11	30	chr9:21815000-22135000	320000	105031	105050	1	19,	0,	105031,
30	0	0	0	0	0	0	0	+	LEFT:2775	30	0	30	chr9:21815000-22135000	320000	104375	104405	1	30,	0,	104375,
30	0	0	0	0	0	0	0	+	LEFT:1361	30	0	30	chr9:21815000-22135000	320000	102961	102991	1	30,	0,	102961,
27	3	0	0	0	0	0	0	+	LEFT:1361	30	0	30	chr9:21815000-22135000	320000	37114	37144	1	30,	0,	37114,
31	0	0	0	0	0	0	0	+	LEFT:1050	31	0	31	chr9:21815000-22135000	320000	102650	102681	1	31,	0,	102650,
32	0	0	0	0	0	0	0	+	LEFT:1089	32	0	32	chr9:21815000-22135000	320000	102689	102721	1	32,	0,	102689,
25	1	0	0	0	0	0	0	+	LEFT:1089	32	0	26	chr9:21815000-22135000	320000	31678	31704	1	26,	0,	31678,
27	0	0	0	0	0	0	0	-	LEFT:1089	32	0	27	chr9:21815000-22135000	320000	147678	147705	1	27,	5,	147678,
30	0	0	0	0	0	0	0	+	LEFT:4689	30	0	30	chr9:21815000-22135000	320000	106289	106319	1	30,	0,	106289,
31	0	0	0	0	0	0	0	+	LEFT:7257	31	0	31	chr9:21815000-22135000	320000	108857	108888	1	31,	0,	108857,
31	0	0	0	0	0	0	0	+	LEFT:1824	31	0	31	chr9:21815000-22135000	320000	103424	103455	1	31,	0,	103424,
30	0	0	0	0	0	0	0	+	LEFT:3540	30	0	30	chr9:21815000-22135000	320000	105140	105170	1	30,	0,	105140,
30	0	0	0	0	0	0	0	+	LEFT:311	30	0	30	chr9:21815000-22135000	320000	101911	101941	1	30,	0,	101911,
31	0	0	0	0	0	0	0	+	LEFT:475	31	0	31	chr9:21815000-22135000	320000	102075	102106	1	31,	0,	102075,
30	0	0	0	0	0	0	0	+	LEFT:4938	30	0	30	chr9:21815000-22135000	320000	106538	106568	1	30,	0,	106538,
30	0	0	0	0	0	0	0	+	LEFT:316	30	0	30	chr9:21815000-22135000	320000	101916	101946	1	30,	0,	101916,
32	0	0	0	0	0	0	0	+	LEFT:4889	32	0	32	chr9:21815000-22135000	320000	106489	106521	1	32,	0,	106489,
31	0	0	0	0	0	0	0	+	LEFT:1306	31	0	31	chr9:21815000-22135000	320000	102906	102937	1	31,	0,	102906,
30	0	0	0	0	0	0	0	+	LEFT:3544	30	0	30	chr9:21815000-22135000	320000	105144	105174	1	30,	0,	105144,
31	0	0	0	0	0	0	0	+	LEFT:2483	31	0	31	chr9:21815000-22135000	320000	104083	104114	1	31,	0,	104083,
31	0	0	0	0	0	0	0	+	LEFT:1360	31	0	31	chr9:21815000-22135000	320000	102960	102991	1	31,	0,	102960,
27	3	0	0	0	0	0	0	+	LEFT:1360	31	1	31	chr9:21815000-22135000	320000	37114	37144	1	30,	1,	37114,
31	0	0	0	0	0	0	0	+	LEFT:4451	31	0	31	chr9:21815000-22135000	320000	106051	106082	1	31,	0,	106051,
32	0	0	0	0	0	0	0	+	LEFT:3371	32	0	32	chr9:21815000-22135000	320000	104971	105003	1	32,	0,	104971,
32	0	0	0	0	0	0	0	+	LEFT:474	32	0	32	chr9:21815000-22135000	320000	102074	102106	1	32,	0,	102074,
30	0	0	0	0	0	0	0	+	LEFT:4912	30	0	30	chr9:21815000-22135000	320000	106512	106542	1	30,	0,	106512,
30	0	0	0	0	0	0	0	+	LEFT:2423	30	0	30	chr9:21815000-22135000	320000	104023	104053	1	30,	0,	104023,
32	0	0	0	0	0	0	0	+	LEFT:1049	32	0	32	chr9:21815000-22135000	320000	102649	102681	1	32,	0,	102649,
30	0	0	0	0	0	0	0	+	LEFT:7252	30	0	30	chr9:21815000-22135000	320000	108852	108882	1	30,	0,	108852,
30	0	0	0	0	0	0	0	+	LEFT:2484	30	0	30	chr9:21815000-22135000	320000	104084	104114	1	30,	0,	104084,
32	0	0	0	0	0	0	0	+	LEFT:3011	32	0	32	chr9:21815000-22135000	320000	104611	104643	1	32,	0,	104611,
30	0	0	0	0	0	0	0	+	LEFT:666	30	0	30	chr9:21815000-22135000	320000	102266	102296	1	30,	0,	102266,
32	0	0	0	0	0	0	0	+	LEFT:2766	32	0	32	chr9:21815000-22135000	320000	104366	104398	1	32,	0,	104366,
32	0	0	0	0	0	0	0	+	LEFT:9417	32	0	32	chr9:21815000-22135000	320000	111017	111049	1	32,	0,	111017,
32	0	0	0	0	0	0	0	+	LEFT:1271	32	0	32	chr9:21815000-22135000	320000	102871	102903	1	32,	0,	102871,
15	0	0	0	0	0	0	0	+	LEFT:1271	32	0	15	chr9:21815000-22135000	320000	167603	167618	1	15,	0,	167603,
31	0	0	0	0	0	0	0	+	LEFT:2100	31	0	31	chr9:21815000-22135000	320000	103700	103731	1	31,	0,	103700,
17	0	0	0	0	0	0	0	-	LEFT:2100	31	14	31	chr9:21815000-22135000	320000	84651	84668	1	17,	0,	84651,
30	0	0	0	0	0	0	0	+	LEFT:1356	30	0	30	chr9:21815000-22135000	320000	102956	102986	1	30,	0,	102956,
32	0	0	0	0	0	0	0	+	LEFT:2310	32	0	32	chr9:21815000-22135000	320000	103910	103942	1	32,	0,	103910,
31	0	0	0	0	0	0	0	+	LEFT:3652	31	0	31	chr9:21815000-22135000	320000	105252	105283	1	31,	0,	105252,
30	0	0	0	0	0	0	0	+	LEFT:9560	30	0	30	chr9:21815000-22135000	320000	111160	111190	1	30,	0,	111160,
30	0	0	0	0	0	0	0	+	LEFT:8583	30	0	30	chr9:21815000-22135000	320000	110183	110213	1	30,	0,	110183,
32	0	0	0	0	0	0	0	+	LEFT:4119	32	0	32	chr9:21815000-22135000	320000	105719	105751	1	32,	0,	105719,
30	0	0	0	0	0	0	0	+	LEFT:1181	30	0	30	chr9:21815000-22135000	320000	102781	102811	1	30,	0,	102781,
24	2	0	0	0	0	0	0	+	LEFT:1181	30	0	26	chr9:21815000-22135000	320000	31773	31799	1	26,	0,	31773,
31	0	0	0	0	0	0	0	+	LEFT:3012	31	0	31	chr9:21815000-22135000	320000	104612	104643	1	31,	0,	104612,
32	0	0	0	0	0	0	0	+	LEFT:2480	32	0	32	chr9:21815000-22135000	320000	104080	104112	1	32,	0,	104080,
32	0	0	0	0	0	0	0	+	LEFT:3423	32	0	32	chr9:21815000-22135000	320000	105023	105055	1	32,	0,	105023,
22	0	0	0	0	0	0	0	-	LEFT:3423	32	5	27	chr9:21815000-22135000	320000	104989	105011	1	22,	5,	104989,
30	0	0	0	0	0	0	0	+	LEFT:5040	30	0	30	chr9:21815000-22135000	320000	106640	106670	1	30,	0,	106640,
31	0	0	0	0	0	0	0	-	RIGHT:12173	31	0	31	chr9:21815000-22135000	320000	195743	195774	1	31,	0,	195743,
31	0	0	0	0	0	0	0	-	RIGHT:12184	31	0	31	chr9:21815000-22135000	320000	195754	195785	1	31,	0,	195754,
31	0	0	0	0	0	0	0	-	RIGHT:14290	31	0	31	chr9:21815000-22135000	320000	197860	197891	1	31,	0,	197860,
31	0	0	0	0	0	0	0	-	RIGHT:11265	31	0	31	chr9:21815000-22135000	320000	194835	194866	1	31,	0,	194835,
31	0	0	0	0	0	0	0	-	RIGHT:12829	31	0	31	chr9:21815000-22135000	320000	196399	196430	1	31,	0,	196399,
31	0	0	0	0	0	0	0	-	RIGHT:14150	31	0	31	chr9:21815000-22135000	320000	197720	197751	1	31,	0,	197720,
31	0	0	0	0	0	0	0	-	RIGHT:14401	31	0	31	chr9:21815000-22135000	320000	197971	198002	1	31,	0,	197971,
31	0	0	0	0	0	0	0	-	RIGHT:12239	31	0	31	chr9:21815000-22135000	320000	195809	195840	1	31,	0,	195809,
31	0	0	0	0	0	0	0	-	RIGHT:16308	31	0	31	chr9:21815000-22135000	320000	199878	199909	1	31,	0,	199878,
31	0	0	0	0	0	0	0	-	RIGHT:12758	31	0	31	chr9:21815000-22135000	320000	196328	196359	1	31,	0,	196328,
31	0	0	0	0	0	0	0	-	RIGHT:19097	31	0	31	chr9:21815000-22135000	320000	202667	202698	1	31,	0,	202667,
31	0	0	0	0	0	0	0	-	RIGHT:19764	31	0	31	chr9:21815000-22135000	320000	203334	203365	1	31,	0,	203334,
31	0	0	0	0	0	0	0	-	RIGHT:19442	31	0	31	chr9:21815000-22135000	320000	203012	203043	1	31,	0,	203012,
31	0	0	0	0	0	0	0	-	RIGHT:16300	31	0	31	chr9:21815000-22135000	320000	199870	199901	1	31,	0,	199870,
31	0	0	0	0	0	0	0	-	RIGHT:16983	31	0	31	chr9:21815000-22135000	320000	200553	200584	1	31,	0,	200553,
31	0	0	0	0	0	0	0	-	RIGHT:12229	31	0	31	chr9:21815000-22135000	320000	195799	195830	1	31,	0,	195799,
31	0	0	0	0	0	0	0	-	RIGHT:18319	31	0	31	chr9:21815000-22135000	320000	201889	201920	1	31,	0,	201889,
31	0	0	0	0	0	0	0	-	RIGHT:19153	31	0	31	chr9:21815000-22135000	320000	202723	202754	1	31,	0,	202723,
31	0	0	0	0	0	0	0	-	RIGHT:13343	31	0	31	chr9:21815000-22135000	320000	196913	196944	1	31,	0,	196913,
31	0	0	0	0	0	0	0	-	RIGHT:18417	31	0	31	chr9:21815000-22135000	320000	201987	202018	1	31,	0,	201987,
31	0	0	0	0	0	0	0	-	RIGHT:18328	31	0	31	chr9:21815000-22135000	320000	201898	201929	1	31,	0,	201898,
31	0	0	0	0	0	0	0	-	RIGHT:12777	31	0	31	chr9:21815000-22135000	320000	196347	196378	1	31,	0,	196347,
31	0	0	0	0	0	0	0	-	RIGHT:13341	31	0	31	chr9:21815000-22135000	320000	196911	196942	1	31,	0,	196911,
31	0	0	0	0	0	0	0	-	RIGHT:14156	31	0	31	chr9:21815000-22135000	320000	197726	197757	1	31,	0,	197726,
31	0	0	0	0	0	0	0	-	RIGHT:19769	31	0	31	chr9:21815000-22135000	320000	203339	203370	1	31,	0,	203339,
31	0	0	0	0	0	0	0	-	RIGHT:12966	31	0	31	chr9:21815000-22135000	320000	196536	196567	1	31,	0,	196536,
31	0	0	0	0	0	0	0	-	RIGHT:18968	31	0	31	chr9:21815000-22135000	320000	202538	202569	1	31,	0,	202538,
17	0	0	0	0	0	1	1	+	RIGHT:15529	31	0	17	chr9:21815000-22135000	320000	267534	267552	2	13,4,	0,13,	267534,267548,
31	0	0	0	0	0	0	0	-	RIGHT:15529	31	0	31	chr9:21815000-22135000	320000	199099	199130	1	31,	0,	199099,
31	0	0	0	0	0	0	0	-	RIGHT:14409	31	0	31	chr9:21815000-22135000	320000	197979	198010	1	31,	0,	197979,
31	0	0	0	0	0	0	0	-	RIGHT:16806	31	0	31	chr9:21815000-22135000	320000	200376	200407	1	31,	0,	200376,
31	0	0	0	0	0	0	0	-	RIGHT:11550	31	0	31	chr9:21815000-22135000	320000	195120	195151	1	31,	0,	195120,
31	0	0	0	0	0	0	0	-	RIGHT:11692	31	0	31	chr9:21815000-22135000	320000	195262	195293	1	31,	0,	195262,
31	0	0	0	0	0	0	0	-	RIGHT:18467	31	0	31	chr9:21815000-22135000	320000	202037	202068	1	31,	0,	202037,
31	0	0	0	0	0	0	0	-	RIGHT:14687	31	0	31	chr9:21815000-22135000	320000	198257	198288	1	31,	0,	198257,
31	0	0	0	0	0	0	0	-	RIGHT:19770	31	0	31	chr9:21815000-22135000	320000	203340	203371	1	31,	0,	203340,
31	0	0	0	0	0	0	0	-	RIGHT:11541	31	0	31	chr9:21815000-22135000	320000	195111	195142	1	31,	0,	195111,
30	1	0	0	0	0	0	0	+	RIGHT:19573	31	0	31	chr9:21815000-22135000	320000	138843	138874	1	31,	0,	138843,
30	1	0	0	0	0	0	0	+	RIGHT:19573	31	0	31	chr9:21815000-22135000	320000	261218	261249	1	31,	0,	261218,
28	2	0	0	0	0	0	0	+	RIGHT:19573	31	1	31	chr9:21815000-22135000	320000	132056	132086	1	30,	1,	132056,
28	3	0	0	0	0	0	0	+	RIGHT:19573	31	0	31	chr9:21815000-22135000	320000	317849	317880	1	31,	0,	317849,
24	0	0	0	0	0	0	0	+	RIGHT:19573	31	0	24	chr9:21815000-22135000	320000	291381	291405	1	24,	0,	291381,
22	0	0	0	0	0	0	0	+	RIGHT:19573	31	0	22	chr9:21815000-22135000	320000	119865	119887	1	22,	0,	119865,
22	0	0	0	0	0	0	0	+	RIGHT:19573	31	0	22	chr9:21815000-22135000	320000	3492	3514	1	22,	0,	3492,
23	0	0	0	0	0	1	1	+	RIGHT:19573	31	0	23	chr9:21815000-22135000	320000	316661	316685	2	6,17,	0,6,	316661,316668,
21	0	0	0	1	1	0	0	+	RIGHT:19573	31	0	22	chr9:21815000-22135000	320000	259028	259049	2	14,7,	0,15,	259028,259042,
21	0	0	0	1	1	1	8	+	RIGHT:19573	31	0	22	chr9:21815000-22135000	320000	232952	232981	2	14,7,	0,15,	232952,232974,
31	0	0	0	0	0	0	0	-	RIGHT:19573	31	0	31	chr9:21815000-22135000	320000	203143	203174	1	31,	0,	203143,
29	2	0	0	0	0	0	0	-	RIGHT:19573	31	0	31	chr9:21815000-22135000	320000	135545	135576	1	31,	0,	135545,
29	2	0	0	0	0	0	0	-	RIGHT:19573	31	0	31	chr9:21815000-22135000	320000	203476	203507	1	31,	0,	203476,
28	2	0	0	0	0	0	0	-	RIGHT:19573	31	1	31	chr9:21815000-22135000	320000	103168	103198	1	30,	0,	103168,
28	3	0	0	0	0	0	0	-	RIGHT:19573	31	0	31	chr9:21815000-22135000	320000	141419	141450	1	31,	0,	141419,
30	1	0	0	0	0	1	411	-	RIGHT:19573	31	0	31	chr9:21815000-22135000	320000	25044	25486	2	25,6,	0,25,	25044,25480,
27	3	0	0	0	0	0	0	-	RIGHT:19573	31	1	31	chr9:21815000-22135000	320000	29849	29879	1	30,	0,	29849,
27	3	0	0	0	0	0	0	-	RIGHT:19573	31	1	31	chr9:21815000-22135000	320000	123092	123122	1	30,	0,	123092,
30	1	0	0	0	0	1	233	-	RIGHT:19573	31	0	31	chr9:21815000-22135000	320000	242935	243199	2	24,7,	0,24,	242935,243192,
23	0	0	0	0	0	0	0	-	RIGHT:19573	31	0	23	chr9:21815000-22135000	320000	161206	161229	1	23,	8,	161206,
22	0	0	0	0	0	0	0	-	RIGHT:19573	31	0	22	chr9:21815000-22135000	320000	122167	122189	1	22,	9,	122167,
22	0	0	0	0	0	0	0	-	RIGHT:19573	31	0	22	chr9:21815000-22135000	320000	57141	57163	1	22,	9,	57141,
22	0	0	0	0	0	0	0	-	RIGHT:19573	31	1	23	chr9:21815000-22135000	320000	48433	48455	1	22,	8,	48433,
22	0	0	0	0	0	1	4	-	RIGHT:19573	31	0	22	chr9:21815000-22135000	320000	264312	264338	2	12,10,	9,21,	264312,264328,
21	0	0	0	0	0	1	7	-	RIGHT:19573	31	0	21	chr9:21815000-22135000	320000	208563	208591	2	15,6,	10,25,	208563,208585,
31	0	0	0	0	0	0	0	-	RIGHT:16986	31	0	31	chr9:21815000-22135000	320000	200556	200587	1	31,	0,	200556,
31	0	0	0	0	0	0	0	-	RIGHT:18420	31	0	31	chr9:21815000-22135000	320000	201990	202021	1	31,	0,	201990,
31	0	0	0	0	0	0	0	-	RIGHT:12243	31	0	31	chr9:21815000-22135000	320000	195813	195844	1	31,	0,	195813,
31	0	0	0	0	0	0	0	-	RIGHT:16730	31	0	31	chr9:21815000-22135000	320000	200300	200331	1	31,	0,	200300,
31	0	0	0	0	0	0	0	-	RIGHT:12775	31	0	31	chr9:21815000-22135000	320000	196345	196376	1	31,	0,	196345,
31	0	0	0	0	0	0	0	-	RIGHT:14288	31	0	31	chr9:21815000-22135000	320000	197858	197889	1	31,	0,	197858,
31	0	0	0	0	0	0	0	-	RIGHT:14682	31	0	31	chr9:21815000-22135000	320000	198252	198283	1	31,	0,	198252,
31	0	0	0	0	0	0	0	-	RIGHT:16795	31	0	31	chr9:21815000-22135000	320000	200365	200396	1	31,	0,	200365,
31	0	0	0	0	0	0	0	-	RIGHT:12826	31	0	31	chr9:21815000-22135000	320000	196396	196427	1	31,	0,	196396,
31	0	0	0	0	0	0	0	-	RIGHT:19358	31	0	31	chr9:21815000-22135000	320000	202928	202959	1	31,	0,	202928,
31	0	0	0	0	0	0	0	-	RIGHT:13125	31	0	31	chr9:21815000-22135000	320000	196695	196726	1	31,	0,	196695,
31	0	0	0	0	0	0	0	-	RIGHT:15343	31	0	31	chr9:21815000-22135000	320000	198913	198944	1	31,	0,	198913,
31	0	0	0	0	0	0	0	-	RIGHT:12178	31	0	31	chr9:21815000-22135000	320000	195748	195779	1	31,	0,	195748,
31	0	0	0	0	0	0	0	-	RIGHT:12175	31	0	31	chr9:21815000-22135000	320000	195745	195776	1	31,	0,	195745,
31	0	0	0	0	0	0	0	-	RIGHT:15364	31	0	31	chr9:21815000-22135000	320000	198934	198965	1	31,	0,	198934,
31	0	0	0	0	0	0	0	-	RIGHT:13325	31	0	31	chr9:21815000-22135000	320000	196895	196926	1	31,	0,	196895,
15	0	0	0	0	0	0	0	+	RIGHT:18916	31	0	15	chr9:21815000-22135000	320000	138374	138389	1	15,	0,	138374,
31	0	0	0	0	0	0	0	-	RIGHT:18916	31	0	31	chr9:21815000-22135000	320000	202486	202517	1	31,	0,	202486,
31	0	0	0	0	0	0	0	-	RIGHT:14850	31	0	31	chr9:21815000-22135000	320000	198420	198451	1	31,	0,	198420,
31	0	0	0	0	0	0	0	-	RIGHT:19075	31	0	31	chr9:21815000-22135000	320000	202645	202676	1	31,	0,	202645,
31	0	0	0	0	0	0	0	-	RIGHT:19447	31	0	31	chr9:21815000-22135000	320000	203017	203048	1	31,	0,	203017,
31	0	0	0	0	0	0	0	-	RIGHT:16875	31	0	31	chr9:21815000-22135000	320000	200445	200476	1	31,	0,	200445,
31	0	0	0	0	0	0	0	-	RIGHT:16802	31	0	31	chr9:21815000-22135000	320000	200372	200403	1	31,	0,	200372,
31	0	0	0	0	0	0	0	-	RIGHT:12760	31	0	31	chr9:21815000-22135000	320000	196330	196361	1	31,	0,	196330,
31	0	0	0	0	0	0	0	-	RIGHT:19085	31	0	31	chr9:21815000-22135000	320000	202655	202686	1	31,	0,	202655,
31	0	0	0	0	0	0	0	-	RIGHT:11626	31	0	31	chr9:21815000-22135000	320000	195196	195227	1	31,	0,	195196,
31	0	0	0	0	0	0	0	-	RIGHT:12899	31	0	31	chr9:21815000-22135000	320000	196469	196500	1	31,	0,	196469,
31	0	0	0	0	0	0	0	-	RIGHT:16302	31	0	31	chr9:21815000-22135000	320000	199872	199903	1	31,	0,	199872,
31	0	0	0	0	0	0	0	-	RIGHT:13171	31	0	31	chr9:21815000-22135000	320000	196741	196772	1	31,	0,	196741,
31	0	0	0	0	0	0	0	-	RIGHT:11505	31	0	31	chr9:21815000-22135000	320000	195075	195106	1	31,	0,	195075,
31	0	0	0	0	0	0	0	-	RIGHT:14302	31	0	31	chr9:21815000-22135000	320000	197872	197903	1	31,	0,	197872,
31	0	0	0	0	0	0	0	-	RIGHT:18256	31	0	31	chr9:21815000-22135000	320000	201826	201857	1	31,	0,	201826,
31	0	0	0	0	0	0	0	-	RIGHT:15479	31	0	31	chr9:21815000-22135000	320000	199049	199080	1	31,	0,	199049,
30	1	0	0	0	0	0	0	+	RIGHT:17962	31	0	31	chr9:21815000-22135000	320000	276221	276252	1	31,	0,	276221,
30	1	0	0	0	0	0	0	+	RIGHT:17962	31	0	31	chr9:21815000-22135000	320000	5535	5566	1	31,	0,	5535,
29	1	0	0	0	0	0	0	+	RIGHT:17962	31	1	31	chr9:21815000-22135000	320000	206319	206349	1	30,	1,	206319,
31	0	0	0	0	0	0	0	-	RIGHT:17962	31	0	31	chr9:21815000-22135000	320000	201532	201563	1	31,	0,	201532,
31	0	0	0	0	0	0	0	-	RIGHT:17962	31	0	31	chr9:21815000-22135000	320000	82966	82997	1	31,	0,	82966,
30	1	0	0	0	0	0	0	-	RIGHT:17962	31	0	31	chr9:21815000-22135000	320000	98363	98394	1	31,	0,	98363,
29	2	0	0	0	0	0	0	-	RIGHT:17962	31	0	31	chr9:21815000-22135000	320000	30849	30880	1	31,	0,	30849,
31	0	0	0	0	0	0	0	-	RIGHT:12913	31	0	31	chr9:21815000-22135000	320000	196483	196514	1	31,	0,	196483,
31	0	0	0	0	0	0	0	-	RIGHT:18449	31	0	31	chr9:21815000-22135000	320000	202019	202050	1	31,	0,	202019,
31	0	0	0	0	0	0	0	-	RIGHT:15405	31	0	31	chr9:21815000-22135000	320000	198975	199006	1	31,	0,	198975,
31	0	0	0	0	0	0	0	-	RIGHT:15297	31	0	31	chr9:21815000-22135000	320000	198867	198898	1	31,	0,	198867,
29	2	0	0	0	0	0	0	+	RIGHT:17393	31	0	31	chr9:21815000-22135000	320000	98891	98922	1	31,	0,	98891,
29	2	0	0	0	0	0	0	+	RIGHT:17393	31	0	31	chr9:21815000-22135000	320000	83493	83524	1	31,	0,	83493,
17	0	0	0	0	0	0	0	+	RIGHT:17393	31	0	17	chr9:21815000-22135000	320000	85286	85303	1	17,	0,	85286,
31	0	0	0	0	0	0	0	-	RIGHT:17393	31	0	31	chr9:21815000-22135000	320000	275694	275725	1	31,	0,	275694,
31	0	0	0	0	0	0	0	-	RIGHT:17393	31	0	31	chr9:21815000-22135000	320000	200963	200994	1	31,	0,	200963,
30	1	0	0	0	0	0	0	-	RIGHT:17393	31	0	31	chr9:21815000-22135000	320000	148004	148035	1	31,	0,	148004,
30	1	0	0	0	0	0	0	-	RIGHT:17393	31	0	31	chr9:21815000-22135000	320000	5010	5041	1	31,	0,	5010,
29	2	0	0	0	0	0	0	-	RIGHT:17393	31	0	31	chr9:21815000-22135000	320000	60459	60490	1	31,	0,	60459,
31	0	0	0	0	0	0	0	-	RIGHT:19762	31	0	31	chr9:21815000-22135000	320000	203332	203363	1	31,	0,	203332,
31	0	0	0	0	0	0	0	-	RIGHT:13327	31	0	31	chr9:21815000-22135000	320000	196897	196928	1	31,	0,	196897,
31	0	0	0	0	0	0	0	-	RIGHT:12295	31	0	31	chr9:21815000-22135000	320000	195865	195896	1	31,	0,	195865,
31	0	0	0	0	0	0	0	-	RIGHT:12289	31	0	31	chr9:21815000-22135000	320000	195859	195890	1	31,	0,	195859,
31	0	0	0	0	0	0	0	-	RIGHT:15891	31	0	31	chr9:21815000-22135000	320000	199461	199492	1	31,	0,	199461,
31	0	0	0	0	0	0	0	-	RIGHT:14405	31	0	31	chr9:21815000-22135000	320000	197975	198006	1	31,	0,	197975,
31	0	0	0	0	0	0	0	-	RIGHT:18964	31	0	31	chr9:21815000-22135000	320000	202534	202565	1	31,	0,	202534,
31	0	0	0	0	0	0	0	-	RIGHT:12903	31	0	31	chr9:21815000-22135000	320000	196473	196504	1	31,	0,	196473,
30	1	0	0	0	0	0	0	+	RIGHT:17966	31	0	31	chr9:21815000-22135000	320000	276217	276248	1	31,	0,	276217,
31	0	0	0	0	0	0	0	-	RIGHT:17966	31	0	31	chr9:21815000-22135000	320000	201536	201567	1	31,	0,	201536,
31	0	0	0	0	0	0	0	-	RIGHT:17966	31	0	31	chr9:21815000-22135000	320000	82970	83001	1	31,	0,	82970,
30	1	0	0	0	0	0	0	-	RIGHT:17966	31	0	31	chr9:21815000-22135000	320000	98367	98398	1	31,	0,	98367,
28	3	0	0	0	0	0	0	-	RIGHT:17966	31	0	31	chr9:21815000-22135000	320000	136434	136465	1	31,	0,	136434,
22	1	0	0	0	0	0	0	-	RIGHT:17966	31	8	31	chr9:21815000-22135000	320000	30853	30876	1	23,	0,	30853,
31	0	0	0	0	0	0	0	-	RIGHT:15562	31	0	31	chr9:21815000-22135000	320000	199132	199163	1	31,	0,	199132,
31	0	0	0	0	0	0	0	-	RIGHT:11688	31	0	31	chr9:21815000-22135000	320000	195258	195289	1	31,	0,	195258,
31	0	0	0	0	0	0	0	-	RIGHT:11450	31	0	31	chr9:21815000-22135000	320000	195020	195051	1	31,	0,	195020,
31	0	0	0	0	0	0	0	-	RIGHT:12907	31	0	31	chr9:21815000-22135000	320000	196477	196508	1	31,	0,	196477,
31	0	0	0	0	0	0	0	-	RIGHT:15301	31	0	31	chr9:21815000-22135000	320000	198871	198902	1	31,	0,	198871,
31	0	0	0	0	0	0	0	-	RIGHT:16134	31	0	31	chr9:21815000-22135000	320000	199704	199735	1	31,	0,	199704,
31	0	0	0	0	0	0	0	-	RIGHT:19059	31	0	31	chr9:21815000-22135000	320000	202629	202660	1	31,	0,	202629,
31	0	0	0	0	0	0	0	-	RIGHT:12170	31	0	31	chr9:21815000-22135000	320000	195740	195771	1	31,	0,	195740,
31	0	0	0	0	0	0	0	-	RIGHT:15400	31	0	31	chr9:21815000-22135000	320000	198970	199001	1	31,	0,	198970,
31	0	0	0	0	0	0	0	-	RIGHT:16734	31	0	31	chr9:21815000-22135000	320000	200304	200335	1	31,	0,	200304,
30	1	0	0	0	0	0	0	+	RIGHT:18008	31	0	31	chr9:21815000-22135000	320000	276175	276206	1	31,	0,	276175,
31	0	0	0	0	0	0	0	-	RIGHT:18008	31	0	31	chr9:21815000-22135000	320000	201578	201609	1	31,	0,	201578,
30	1	0	0	0	0	0	0	-	RIGHT:18008	31	0	31	chr9:21815000-22135000	320000	98409	98440	1	31,	0,	98409,
30	1	0	0	0	0	0	0	-	RIGHT:18008	31	0	31	chr9:21815000-22135000	320000	83012	83043	1	31,	0,	83012,
31	0	0	0	0	0	0	0	-	RIGHT:15939	31	0	31	chr9:21815000-22135000	320000	199509	199540	1	31,	0,	199509,
31	0	0	0	0	0	0	0	-	RIGHT:19375	31	0	31	chr9:21815000-22135000	320000	202945	202976	1	31,	0,	202945,
31	0	0	0	0	0	0	0	-	RIGHT:14127	31	0	31	chr9:21815000-22135000	320000	197697	197728	1	31,	0,	197697,
31	0	0	0	0	0	0	0	-	RIGHT:14125	31	0	31	chr9:21815000-22135000	320000	197695	197726	1	31,	0,	197695,
31	0	0	0	0	0	0	0	-	RIGHT:15523	31	0	31	chr9:21815000-22135000	320000	199093	199124	1	31,	0,	199093,
15	0	0	0	0	0	0	0	+	RIGHT:14854	31	0	15	chr9:21815000-22135000	320000	317459	317474	1	15,	0,	317459,
31	0	0	0	0	0	0	0	-	RIGHT:14854	31	0	31	chr9:21815000-22135000	320000	198424	198455	1	31,	0,	198424,
19	0	0	0	0	0	1	2	-	RIGHT:14854	31	1	20	chr9:21815000-22135000	320000	14391	14412	2	13,6,	11,24,	14391,14406,
31	0	0	0	0	0	0	0	-	RIGHT:14419	31	0	31	chr9:21815000-22135000	320000	197989	198020	1	31,	0,	197989,
31	0	0	0	0	0	0	0	-	RIGHT:19280	31	0	31	chr9:21815000-22135000	320000	202850	202881	1	31,	0,	202850,
31	0	0	0	0	0	0	0	-	RIGHT:12300	31	0	31	chr9:21815000-22135000	320000	195870	195901	1	31,	0,	195870,
31	0	0	0	0	0	0	0	-	RIGHT:19449	31	0	31	chr9:21815000-22135000	320000	203019	203050	1	31,	0,	203019,
31	0	0	0	0	0	0	0	-	RIGHT:16732	31	0	31	chr9:21815000-22135000	320000	200302	200333	1	31,	0,	200302,
31	0	0	0	0	0	0	0	-	RIGHT:19080	31	0	31	chr9:21815000-22135000	320000	202650	202681	1	31,	0,	202650,
31	0	0	0	0	0	0	0	-	RIGHT:16780	31	0	31	chr9:21815000-22135000	320000	200350	200381	1	31,	0,	200350,
31	0	0	0	0	0	0	0	-	RIGHT:18914	31	0	31	chr9:21815000-22135000	320000	202484	202515	1	31,	0,	202484,
31	0	0	0	0	0	0	0	-	RIGHT:19360	31	0	31	chr9:21815000-22135000	320000	202930	202961	1	31,	0,	202930,
31	0	0	0	0	0	0	0	-	RIGHT:19066	31	0	31	chr9:21815000-22135000	320000	202636	202667	1	31,	0,	202636,
31	0	0	0	0	0	0	0	-	RIGHT:15522	31	0	31	chr9:21815000-22135000	320000	199092	199123	1	31,	0,	199092,
31	0	0	0	0	0	0	0	-	RIGHT:19450	31	0	31	chr9:21815000-22135000	320000	203020	203051	1	31,	0,	203020,
31	0	0	0	0	0	0	0	-	RIGHT:19073	31	0	31	chr9:21815000-22135000	320000	202643	202674	1	31,	0,	202643,
31	0	0	0	0	0	0	0	-	RIGHT:14343	31	0	31	chr9:21815000-22135000	320000	197913	197944	1	31,	0,	197913,
31	0	0	0	0	0	0	0	-	RIGHT:13489	31	0	31	chr9:21815000-22135000	320000	197059	197090	1	31,	0,	197059,
31	0	0	0	0	0	0	0	-	RIGHT:11452	31	0	31	chr9:21815000-22135000	320000	195022	195053	1	31,	0,	195022,
31	0	0	0	0	0	0	0	-	RIGHT:16012	31	0	31	chr9:21815000-22135000	320000	199582	199613	1	31,	0,	199582,
31	0	0	0	0	0	0	0	-	RIGHT:11261	31	0	31	chr9:21815000-22135000	320000	194831	194862	1	31,	0,	194831,
17	0	0	0	0	0	1	1	+	RIGHT:15538	31	9	26	chr9:21815000-22135000	320000	267534	267552	2	13,4,	9,22,	267534,267548,
31	0	0	0	0	0	0	0	-	RIGHT:15538	31	0	31	chr9:21815000-22135000	320000	199108	199139	1	31,	0,	199108,
31	0	0	0	0	0	0	0	-	RIGHT:15293	31	0	31	chr9:21815000-22135000	320000	198863	198894	1	31,	0,	198863,
30	1	0	0	0	0	0	0	+	RIGHT:19578	31	0	31	chr9:21815000-22135000	320000	138838	138869	1	31,	0,	138838,
27	0	0	0	0	0	0	0	+	RIGHT:19578	31	0	27	chr9:21815000-22135000	320000	3487	3514	1	27,	0,	3487,
28	1	0	0	0	0	0	0	+	RIGHT:19578	31	2	31	chr9:21815000-22135000	320000	291378	291407	1	29,	2,	291378,
26	0	0	0	0	0	0	0	+	RIGHT:19578	31	1	27	chr9:21815000-22135000	320000	119861	119887	1	26,	1,	119861,
27	1	0	0	0	0	0	0	+	RIGHT:19578	31	0	28	chr9:21815000-22135000	320000	162525	162553	1	28,	0,	162525,
27	1	0	0	0	0	0	0	+	RIGHT:19578	31	3	31	chr9:21815000-22135000	320000	261216	261244	1	28,	3,	261216,
26	0	0	0	0	0	0	0	+	RIGHT:19578	31	1	27	chr9:21815000-22135000	320000	317845	317871	1	26,	1,	317845,
26	1	0	0	0	0	0	0	+	RIGHT:19578	31	0	27	chr9:21815000-22135000	320000	146205	146232	1	27,	0,	146205,
27	0	0	0	0	0	1	1	+	RIGHT:19578	31	1	28	chr9:21815000-22135000	320000	311733	311761	2	5,22,	1,6,	311733,311739,
26	2	0	0	0	0	0	0	+	RIGHT:19578	31	0	28	chr9:21815000-22135000	320000	45902	45930	1	28,	0,	45902,
26	1	0	0	0	0	1	1	+	RIGHT:19578	31	1	28	chr9:21815000-22135000	320000	316657	316685	2	5,22,	1,6,	316657,316663,
25	2	0	0	0	0	0	0	+	RIGHT:19578	31	0	27	chr9:21815000-22135000	320000	312241	312268	1	27,	0,	312241,
22	0	0	0	0	0	0	0	+	RIGHT:19578	31	6	28	chr9:21815000-22135000	320000	132056	132078	1	22,	6,	132056,
26	0	0	0	0	0	1	356	+	RIGHT:19578	31	0	26	chr9:21815000-22135000	320000	158694	159076	2	6,20,	0,6,	158694,159056,
21	0	0	0	0	0	0	0	+	RIGHT:19578	31	6	27	chr9:21815000-22135000	320000	100258	100279	1	21,	6,	100258,
20	0	0	0	0	0	0	0	+	RIGHT:19578	31	7	27	chr9:21815000-22135000	320000	239918	239938	1	20,	7,	239918,
31	0	0	0	0	0	0	0	-	RIGHT:19578	31	0	31	chr9:21815000-22135000	320000	203148	203179	1	31,	0,	203148,
28	0	0	0	0	0	0	0	-	RIGHT:19578	31	0	28	chr9:21815000-22135000	320000	161206	161234	1	28,	3,	161206,
28	0	0	0	0	0	0	0	-	RIGHT:19578	31	0	28	chr9:21815000-22135000	320000	203484	203512	1	28,	3,	203484,
27	0	0	0	0	0	0	0	-	RIGHT:19578	31	0	27	chr9:21815000-22135000	320000	122167	122194	1	27,	4,	122167,
27	0	0	0	0	0	0	0	-	RIGHT:19578	31	0	27	chr9:21815000-22135000	320000	141428	141455	1	27,	4,	141428,
28	0	0	0	0	0	1	1	-	RIGHT:19578	31	0	28	chr9:21815000-22135000	320000	48433	48462	2	22,6,	3,25,	48433,48456,
27	0	0	0	0	0	1	1	-	RIGHT:19578	31	1	28	chr9:21815000-22135000	320000	103176	103204	2	22,5,	3,25,	103176,103199,
24	0	0	0	0	0	0	0	-	RIGHT:19578	31	3	27	chr9:21815000-22135000	320000	57141	57165	1	24,	4,	57141,
26	0	0	0	0	0	1	2	-	RIGHT:19578	31	1	27	chr9:21815000-22135000	320000	29858	29886	2	21,5,	4,25,	29858,29881,
21	0	0	0	0	0	0	0	-	RIGHT:19578	31	6	27	chr9:21815000-22135000	320000	123101	123122	1	21,	4,	123101,
21	1	0	0	0	0	0	0	-	RIGHT:19578	31	6	28	chr9:21815000-22135000	320000	13501	13523	1	22,	3,	13501,
31	0	0	0	0	0	0	0	-	RIGHT:16144	31	0	31	chr9:21815000-22135000	320000	199714	199745	1	31,	0,	199714,
31	0	0	0	0	0	0	0	-	RIGHT:15350	31	0	31	chr9:21815000-22135000	320000	198920	198951	1	31,	0,	198920,
31	0	0	0	0	0	0	0	-	RIGHT:12169	31	0	31	chr9:21815000-22135000	320000	195739	195770	1	31,	0,	195739,
31	0	0	0	0	0	0	0	-	RIGHT:11624	31	0	31	chr9:21815000-22135000	320000	195194	195225	1	31,	0,	195194,
31	0	0	0	0	0	0	0	-	RIGHT:14341	31	0	31	chr9:21815000-22135000	320000	197911	197942	1	31,	0,	197911,
30	1	0	0	0	0	0	0	+	RIGHT:18072	31	0	31	chr9:21815000-22135000	320000	276111	276142	1	31,	0,	276111,
21	2	0	0	0	0	0	0	+	RIGHT:18072	31	0	23	chr9:21815000-22135000	320000	206159	206182	1	23,	0,	206159,
31	0	0	0	0	0	0	0	-	RIGHT:18072	31	0	31	chr9:21815000-22135000	320000	201642	201673	1	31,	0,	201642,
31	0	0	0	0	0	0	0	-	RIGHT:16783	31	0	31	chr9:21815000-22135000	320000	200353	200384	1	31,	0,	200353,
30	1	0	0	0	0	0	0	+	RIGHT:17964	31	0	31	chr9:21815000-22135000	320000	276219	276250	1	31,	0,	276219,
31	0	0	0	0	0	0	0	-	RIGHT:17964	31	0	31	chr9:21815000-22135000	320000	201534	201565	1	31,	0,	201534,
31	0	0	0	0	0	0	0	-	RIGHT:17964	31	0	31	chr9:21815000-22135000	320000	82968	82999	1	31,	0,	82968,
30	1	0	0	0	0	0	0	-	RIGHT:17964	31	0	31	chr9:21815000-22135000	320000	98365	98396	1	31,	0,	98365,
24	1	0	0	0	0	0	0	-	RIGHT:17964	31	6	31	chr9:21815000-22135000	320000	30851	30876	1	25,	0,	30851,
31	0	0	0	0	0	0	0	-	RIGHT:15964	31	0	31	chr9:21815000-22135000	320000	199534	199565	1	31,	0,	199534,
31	0	0	0	0	0	0	0	-	RIGHT:13491	31	0	31	chr9:21815000-22135000	320000	197061	197092	1	31,	0,	197061,
31	0	0	0	0	0	0	0	-	RIGHT:15345	31	0	31	chr9:21815000-22135000	320000	198915	198946	1	31,	0,	198915,
31	0	0	0	0	0	0	0	-	RIGHT:16306	31	0	31	chr9:21815000-22135000	320000	199876	199907	1	31,	0,	199876,
31	0	0	0	0	0	0	0	-	RIGHT:13168	31	0	31	chr9:21815000-22135000	320000	196738	196769	1	31,	0,	196738,
31	0	0	0	0	0	0	0	-	RIGHT:16364	31	0	31	chr9:21815000-22135000	320000	199934	199965	1	31,	0,	199934,
30	1	0	0	0	0	1	1	-	RIGHT:16364	31	0	31	chr9:21815000-22135000	320000	72435	72467	2	15,16,	0,15,	72435,72451,
31	0	0	0	0	0	0	0	-	RIGHT:13053	31	0	31	chr9:21815000-22135000	320000	196623	196654	1	31,	0,	196623,
31	0	0	0	0	0	0	0	-	RIGHT:13440	31	0	31	chr9:21815000-22135000	320000	197010	197041	1	31,	0,	197010,
31	0	0	0	0	0	0	0	-	RIGHT:12288	31	0	31	chr9:21815000-22135000	320000	195858	195889	1	31,	0,	195858,
31	0	0	0	0	0	0	0	-	RIGHT:11449	31	0	31	chr9:21815000-22135000	320000	195019	195050	1	31,	0,	195019,
31	0	0	0	0	0	0	0	-	RIGHT:11506	31	0	31	chr9:21815000-22135000	320000	195076	195107	1	31,	0,	195076,
31	0	0	0	0	0	0	0	-	RIGHT:14299	31	0	31	chr9:21815000-22135000	320000	197869	197900	1	31,	0,	197869,
31	0	0	0	0	0	0	0	-	RIGHT:12824	31	0	31	chr9:21815000-22135000	320000	196394	196425	1	31,	0,	196394,
30	1	0	0	0	0	0	0	+	RIGHT:19577	31	0	31	chr9:21815000-22135000	320000	138839	138870	1	31,	0,	138839,
28	1	0	0	0	0	0	0	+	RIGHT:19577	31	2	31	chr9:21815000-22135000	320000	261216	261245	1	29,	2,	261216,
27	0	0	0	0	0	0	0	+	RIGHT:19577	31	1	28	chr9:21815000-22135000	320000	291378	291405	1	27,	1,	291378,
26	0	0	0	0	0	0	0	+	RIGHT:19577	31	0	26	chr9:21815000-22135000	320000	3488	3514	1	26,	0,	3488,
26	0	0	0	0	0	0	0	+	RIGHT:19577	31	0	26	chr9:21815000-22135000	320000	119861	119887	1	26,	0,	119861,
26	0	0	0	0	0	0	0	+	RIGHT:19577	31	0	26	chr9:21815000-22135000	320000	317845	317871	1	26,	0,	317845,
26	1	0	0	0	0	0	0	+	RIGHT:19577	31	0	27	chr9:21815000-22135000	320000	162526	162553	1	27,	0,	162526,
27	0	0	0	0	0	1	1	+	RIGHT:19577	31	0	27	chr9:21815000-22135000	320000	311733	311761	2	5,22,	0,5,	311733,311739,
27	0	0	0	0	0	1	1	+	RIGHT:19577	31	0	27	chr9:21815000-22135000	320000	316657	316685	2	10,17,	0,10,	316657,316668,
31	0	0	0	0	0	2	129	+	RIGHT:19577	31	0	31	chr9:21815000-22135000	320000	100249	100409	3	5,21,5,	0,5,26,	100249,100258,100404,
25	1	0	0	0	0	0	0	+	RIGHT:19577	31	0	26	chr9:21815000-22135000	320000	146206	146232	1	26,	0,	146206,
25	2	0	0	0	0	0	0	+	RIGHT:19577	31	0	27	chr9:21815000-22135000	320000	45903	45930	1	27,	0,	45903,
24	2	0	0	0	0	0	0	+	RIGHT:19577	31	0	26	chr9:21815000-22135000	320000	312242	312268	1	26,	0,	312242,
25	0	0	0	1	1	0	0	+	RIGHT:19577	31	0	26	chr9:21815000-22135000	320000	259024	259049	2	18,7,	0,19,	259024,259042,
22	0	0	0	0	0	0	0	+	RIGHT:19577	31	5	27	chr9:21815000-22135000	320000	132056	132078	1	22,	5,	132056,
23	2	0	0	0	0	0	0	+	RIGHT:19577	31	0	25	chr9:21815000-22135000	320000	63522	63547	1	25,	0,	63522,
31	0	0	0	0	0	0	0	-	RIGHT:19577	31	0	31	chr9:21815000-22135000	320000	203147	203178	1	31,	0,	203147,
31	0	0	0	0	0	1	11	-	RIGHT:19577	31	0	31	chr9:21815000-22135000	320000	122151	122193	2	5,26,	0,5,	122151,122167,
27	0	0	0	0	0	0	0	-	RIGHT:19577	31	0	27	chr9:21815000-22135000	320000	161206	161233	1	27,	4,	161206,
27	0	0	0	0	0	0	0	-	RIGHT:19577	31	0	27	chr9:21815000-22135000	320000	203484	203511	1	27,	4,	203484,
26	0	0	0	0	0	0	0	-	RIGHT:19577	31	0	26	chr9:21815000-22135000	320000	141428	141454	1	26,	5,	141428,
27	0	0	0	0	0	1	1	-	RIGHT:19577	31	0	27	chr9:21815000-22135000	320000	48433	48461	2	22,5,	4,26,	48433,48456,
27	0	0	0	0	0	1	1	-	RIGHT:19577	31	0	27	chr9:21815000-22135000	320000	103176	103204	2	22,5,	4,26,	103176,103199,
29	1	0	0	1	1	0	0	-	RIGHT:19577	31	0	31	chr9:21815000-22135000	320000	135549	135579	2	25,5,	0,26,	135549,135574,
24	0	0	0	0	0	0	0	-	RIGHT:19577	31	2	26	chr9:21815000-22135000	320000	57141	57165	1	24,	5,	57141,
26	0	0	0	0	0	1	2	-	RIGHT:19577	31	0	26	chr9:21815000-22135000	320000	29858	29886	2	21,5,	5,26,	29858,29881,
26	0	0	0	0	0	1	167	-	RIGHT:19577	31	0	26	chr9:21815000-22135000	320000	123101	123294	2	21,5,	5,26,	123101,123289,
26	1	0	0	0	0	1	184	-	RIGHT:19577	31	0	27	chr9:21815000-22135000	320000	13501	13712	2	22,5,	4,26,	13501,13707,
31	0	0	0	0	0	0	0	-	RIGHT:19371	31	0	31	chr9:21815000-22135000	320000	202941	202972	1	31,	0,	202941,
31	0	0	0	0	0	0	0	-	RIGHT:15314	31	0	31	chr9:21815000-22135000	320000	198884	198915	1	31,	0,	198884,
15	0	0	0	0	0	0	0	-	RIGHT:15314	31	16	31	chr9:21815000-22135000	320000	216135	216150	1	15,	0,	216135,
31	0	0	0	0	0	0	0	-	RIGHT:15310	31	0	31	chr9:21815000-22135000	320000	198880	198911	1	31,	0,	198880,
31	0	0	0	0	0	0	0	-	RIGHT:11210	31	0	31	chr9:21815000-22135000	320000	194780	194811	1	31,	0,	194780,
30	0	0	0	0	0	0	0	+	RIGHT:18201	31	0	30	chr9:21815000-22135000	320000	5298	5328	1	30,	0,	5298,
29	2	0	0	0	0	0	0	+	RIGHT:18201	31	0	31	chr9:21815000-22135000	320000	275982	276013	1	31,	0,	275982,
25	2	0	0	0	0	0	0	+	RIGHT:18201	31	0	27	chr9:21815000-22135000	320000	148291	148318	1	27,	0,	148291,
31	0	0	0	0	0	0	0	-	RIGHT:18201	31	0	31	chr9:21815000-22135000	320000	201771	201802	1	31,	0,	201771,
27	0	0	0	0	0	0	0	-	RIGHT:18201	31	4	31	chr9:21815000-22135000	320000	98601	98628	1	27,	0,	98601,
29	2	0	0	0	0	0	0	-	RIGHT:18201	31	0	31	chr9:21815000-22135000	320000	83205	83236	1	31,	0,	83205,
31	0	0	0	0	0	0	0	-	RIGHT:18314	31	0	31	chr9:21815000-22135000	320000	201884	201915	1	31,	0,	201884,
31	0	0	0	0	0	0	0	-	RIGHT:15890	31	0	31	chr9:21815000-22135000	320000	199460	199491	1	31,	0,	199460,
31	0	0	0	0	0	0	0	-	RIGHT:16303	31	0	31	chr9:21815000-22135000	320000	199873	199904	1	31,	0,	199873,
30	0	0	0	0	0	0	0	-	RIGHT:12287	30	0	30	chr9:21815000-22135000	320000	195858	195888	1	30,	0,	195858,
32	0	0	0	0	0	0	0	-	RIGHT:11693	32	0	32	chr9:21815000-22135000	320000	195262	195294	1	32,	0,	195262,
30	0	0	0	0	0	0	0	-	RIGHT:14753	30	0	30	chr9:21815000-22135000	320000	198324	198354	1	30,	0,	198324,
30	0	0	0	0	0	0	0	-	RIGHT:14751	30	0	30	chr9:21815000-22135000	320000	198322	198352	1	30,	0,	198322,
30	0	0	0	0	0	0	0	-	RIGHT:13326	30	0	30	chr9:21815000-22135000	320000	196897	196927	1	30,	0,	196897,
31	0	0	0	0	0	0	0	-	RIGHT:16876	31	0	31	chr9:21815000-22135000	320000	200446	200477	1	31,	0,	200446,
32	0	0	0	0	0	0	0	-	RIGHT:12778	32	0	32	chr9:21815000-22135000	320000	196347	196379	1	32,	0,	196347,
30	0	0	0	0	0	0	0	-	RIGHT:19058	30	0	30	chr9:21815000-22135000	320000	202629	202659	1	30,	0,	202629,
30	0	0	0	0	0	0	0	-	RIGHT:16985	30	0	30	chr9:21815000-22135000	320000	200556	200586	1	30,	0,	200556,
32	0	0	0	0	0	0	0	-	RIGHT:12296	32	0	32	chr9:21815000-22135000	320000	195865	195897	1	32,	0,	195865,
30	0	0	0	0	0	0	0	-	RIGHT:11448	30	0	30	chr9:21815000-22135000	320000	195019	195049	1	30,	0,	195019,
29	1	0	0	0	0	0	0	+	RIGHT:19572	30	0	30	chr9:21815000-22135000	320000	138844	138874	1	30,	0,	138844,
29	1	0	0	0	0	0	0	+	RIGHT:19572	30	0	30	chr9:21815000-22135000	320000	261219	261249	1	30,	0,	261219,
28	2	0	0	0	0	0	0	+	RIGHT:19572	30	0	30	chr9:21815000-22135000	320000	311739	311769	1	30,	0,	311739,
28	2	0	0	0	0	0	0	+	RIGHT:19572	30	0	30	chr9:21815000-22135000	320000	132056	132086	1	30,	0,	132056,
27	3	0	0	0	0	0	0	+	RIGHT:19572	30	0	30	chr9:21815000-22135000	320000	317850	317880	1	30,	0,	317850,
27	3	0	0	0	0	0	0	+	RIGHT:19572	30	0	30	chr9:21815000-22135000	320000	100258	100288	1	30,	0,	100258,
23	0	0	0	0	0	0	0	+	RIGHT:19572	30	0	23	chr9:21815000-22135000	320000	291382	291405	1	23,	0,	291382,
21	0	0	0	0	0	0	0	+	RIGHT:19572	30	0	21	chr9:21815000-22135000	320000	119866	119887	1	21,	0,	119866,
21	0	0	0	0	0	0	0	+	RIGHT:19572	30	0	21	chr9:21815000-22135000	320000	3493	3514	1	21,	0,	3493,
20	0	0	0	0	0	0	0	+	RIGHT:19572	30	0	20	chr9:21815000-22135000	320000	159056	159076	1	20,	0,	159056,
30	0	0	0	0	0	0	0	-	RIGHT:19572	30	0	30	chr9:21815000-22135000	320000	203143	203173	1	30,	0,	203143,
28	1	0	0	0	0	0	0	-	RIGHT:19572	30	1	30	chr9:21815000-22135000	320000	135545	135574	1	29,	0,	135545,
28	2	0	0	0	0	0	0	-	RIGHT:19572	30	0	30	chr9:21815000-22135000	320000	103168	103198	1	30,	0,	103168,
28	2	0	0	0	0	0	0	-	RIGHT:19572	30	0	30	chr9:21815000-22135000	320000	203476	203506	1	30,	0,	203476,
27	3	0	0	0	0	0	0	-	RIGHT:19572	30	0	30	chr9:21815000-22135000	320000	29849	29879	1	30,	0,	29849,
27	3	0	0	0	0	0	0	-	RIGHT:19572	30	0	30	chr9:21815000-22135000	320000	123092	123122	1	30,	0,	123092,
27	3	0	0	0	0	0	0	-	RIGHT:19572	30	0	30	chr9:21815000-22135000	320000	141419	141449	1	30,	0,	141419,
29	1	0	0	0	0	1	151	-	RIGHT:19572	30	0	30	chr9:21815000-22135000	320000	25044	25225	2	24,6,	0,24,	25044,25219,
29	1	0	0	0	0	1	233	-	RIGHT:19572	30	0	30	chr9:21815000-22135000	320000	242935	243198	2	24,6,	0,24,	242935,243192,
22	0	0	0	0	0	0	0	-	RIGHT:19572	30	0	22	chr9:21815000-22135000	320000	161206	161228	1	22,	8,	161206,
22	0	0	0	0	0	0	0	-	RIGHT:19572	30	0	22	chr9:21815000-22135000	320000	48433	48455	1	22,	8,	48433,
21	0	0	0	0	0	0	0	-	RIGHT:19572	30	0	21	chr9:21815000-22135000	320000	122167	122188	1	21,	9,	122167,
21	0	0	0	0	0	0	0	-	RIGHT:19572	30	0	21	chr9:21815000-22135000	320000	57141	57162	1	21,	9,	57141,
21	0	0	0	0	0	1	4	-	RIGHT:19572	30	0	21	chr9:21815000-22135000	320000	264312	264337	2	12,9,	9,21,	264312,264328,
20	0	0	0	0	0	1	1	-	RIGHT:19572	30	0	20	chr9:21815000-22135000	320000	208563	208584	2	15,5,	10,25,	208563,208579,
31	0	0	0	0	0	0	0	-	RIGHT:14403	31	0	31	chr9:21815000-22135000	320000	197973	198004	1	31,	0,	197973,
30	0	0	0	0	0	0	0	-	RIGHT:12822	30	0	30	chr9:21815000-22135000	320000	196393	196423	1	30,	0,	196393,
30	0	0	0	0	0	0	0	-	RIGHT:11209	30	0	30	chr9:21815000-22135000	320000	194780	194810	1	30,	0,	194780,
31	0	0	0	0	0	0	0	-	RIGHT:15298	31	0	31	chr9:21815000-22135000	320000	198868	198899	1	31,	0,	198868,
31	0	0	0	0	0	0	0	-	RIGHT:14413	31	0	31	chr9:21815000-22135000	320000	197983	198014	1	31,	0,	197983,
31	0	0	0	0	0	0	0	-	RIGHT:12707	31	0	31	chr9:21815000-22135000	320000	196277	196308	1	31,	0,	196277,
32	0	0	0	0	0	0	0	-	RIGHT:13054	32	0	32	chr9:21815000-22135000	320000	196623	196655	1	32,	0,	196623,
31	0	0	0	0	0	0	0	-	RIGHT:14412	31	0	31	chr9:21815000-22135000	320000	197982	198013	1	31,	0,	197982,
31	0	0	0	0	0	0	0	-	RIGHT:19362	31	0	31	chr9:21815000-22135000	320000	202932	202963	1	31,	0,	202932,
31	0	0	0	0	0	0	0	-	RIGHT:12823	31	0	31	chr9:21815000-22135000	320000	196393	196424	1	31,	0,	196393,
30	0	0	0	0	0	0	0	-	RIGHT:15296	30	0	30	chr9:21815000-22135000	320000	198867	198897	1	30,	0,	198867,
30	0	0	0	0	0	0	0	-	RIGHT:19084	30	0	30	chr9:21815000-22135000	320000	202655	202685	1	30,	0,	202655,
30	0	0	0	0	0	0	0	-	RIGHT:19277	30	0	30	chr9:21815000-22135000	320000	202848	202878	1	30,	0,	202848,
31	0	0	0	0	0	0	0	-	RIGHT:13322	31	0	31	chr9:21815000-22135000	320000	196892	196923	1	31,	0,	196892,
32	0	0	0	0	0	0	0	-	RIGHT:18969	32	0	32	chr9:21815000-22135000	320000	202538	202570	1	32,	0,	202538,
31	0	0	0	0	0	0	0	-	RIGHT:18908	31	0	31	chr9:21815000-22135000	320000	202478	202509	1	31,	0,	202478,
31	0	0	0	0	0	0	0	-	RIGHT:11536	31	0	31	chr9:21815000-22135000	320000	195106	195137	1	31,	0,	195106,
30	0	0	0	0	0	0	0	-	RIGHT:16363	30	0	30	chr9:21815000-22135000	320000	199934	199964	1	30,	0,	199934,
29	1	0	0	0	0	1	1	-	RIGHT:16363	30	0	30	chr9:21815000-22135000	320000	72435	72466	2	15,15,	0,15,	72435,72451,
30	0	0	0	0	0	0	0	-	RIGHT:15399	30	0	30	chr9:21815000-22135000	320000	198970	199000	1	30,	0,	198970,
28	2	0	0	0	0	0	0	+	RIGHT:17392	30	0	30	chr9:21815000-22135000	320000	98892	98922	1	30,	0,	98892,
28	2	0	0	0	0	0	0	+	RIGHT:17392	30	0	30	chr9:21815000-22135000	320000	83494	83524	1	30,	0,	83494,
16	0	0	0	0	0	0	0	+	RIGHT:17392	30	0	16	chr9:21815000-22135000	320000	85287	85303	1	16,	0,	85287,
30	0	0	0	0	0	0	0	-	RIGHT:17392	30	0	30	chr9:21815000-22135000	320000	275694	275724	1	30,	0,	275694,
30	0	0	0	0	0	0	0	-	RIGHT:17392	30	0	30	chr9:21815000-22135000	320000	200963	200993	1	30,	0,	200963,
29	1	0	0	0	0	0	0	-	RIGHT:17392	30	0	30	chr9:21815000-22135000	320000	148004	148034	1	30,	0,	148004,
29	1	0	0	0	0	0	0	-	RIGHT:17392	30	0	30	chr9:21815000-22135000	320000	5010	5040	1	30,	0,	5010,
28	2	0	0	0	0	0	0	-	RIGHT:17392	30	0	30	chr9:21815000-22135000	320000	60459	60489	1	30,	0,	60459,
30	0	0	0	0	0	0	0	-	RIGHT:16305	30	0	30	chr9:21815000-22135000	320000	199876	199906	1	30,	0,	199876,
30	0	0	0	0	0	0	0	-	RIGHT:14400	30	0	30	chr9:21815000-22135000	320000	197971	198001	1	30,	0,	197971,
30	0	0	0	0	0	0	0	-	RIGHT:16733	30	0	30	chr9:21815000-22135000	320000	200304	200334	1	30,	0,	200304,
31	0	0	0	0	0	0	0	-	RIGHT:19088	31	0	31	chr9:21815000-22135000	320000	202658	202689	1	31,	0,	202658,
29	1	0	0	0	0	0	0	+	RIGHT:17961	30	0	30	chr9:21815000-22135000	320000	276222	276252	1	30,	0,	276222,
29	1	0	0	0	0	0	0	+	RIGHT:17961	30	0	30	chr9:21815000-22135000	320000	206319	206349	1	30,	0,	206319,
29	1	0	0	0	0	0	0	+	RIGHT:17961	30	0	30	chr9:21815000-22135000	320000	5536	5566	1	30,	0,	5536,
30	0	0	0	0	0	0	0	-	RIGHT:17961	30	0	30	chr9:21815000-22135000	320000	201532	201562	1	30,	0,	201532,
30	0	0	0	0	0	0	0	-	RIGHT:17961	30	0	30	chr9:21815000-22135000	320000	82966	82996	1	30,	0,	82966,
29	1	0	0	0	0	0	0	-	RIGHT:17961	30	0	30	chr9:21815000-22135000	320000	98363	98393	1	30,	0,	98363,
28	2	0	0	0	0	0	0	-	RIGHT:17961	30	0	30	chr9:21815000-22135000	320000	30849	30879	1	30,	0,	30849,
30	0	0	0	0	0	0	0	-	RIGHT:19056	30	0	30	chr9:21815000-22135000	320000	202627	202657	1	30,	0,	202627,
32	0	0	0	0	0	0	0	-	RIGHT:16877	32	0	32	chr9:21815000-22135000	320000	200446	200478	1	32,	0,	200446,
32	0	0	0	0	0	0	0	-	RIGHT:18257	32	0	32	chr9:21815000-22135000	320000	201826	201858	1	32,	0,	201826,
30	0	0	0	0	0	0	0	-	RIGHT:15292	30	0	30	chr9:21815000-22135000	320000	198863	198893	1	30,	0,	198863,
30	0	0	0	0	0	0	0	-	RIGHT:11623	30	0	30	chr9:21815000-22135000	320000	195194	195224	1	30,	0,	195194,
31	0	0	0	0	0	0	0	-	RIGHT:18315	31	0	31	chr9:21815000-22135000	320000	201885	201916	1	31,	0,	201885,
30	0	0	0	0	0	0	0	-	RIGHT:12916	30	0	30	chr9:21815000-22135000	320000	196487	196517	1	30,	0,	196487,
30	0	0	0	0	0	0	0	-	RIGHT:18967	30	0	30	chr9:21815000-22135000	320000	202538	202568	1	30,	0,	202538,
30	0	0	0	0	0	0	0	-	RIGHT:11260	30	0	30	chr9:21815000-22135000	320000	194831	194861	1	30,	0,	194831,
31	0	0	0	0	0	0	0	-	RIGHT:13042	31	0	31	chr9:21815000-22135000	320000	196612	196643	1	31,	0,	196612,
32	0	0	0	0	0	0	0	-	RIGHT:14404	32	0	32	chr9:21815000-22135000	320000	197973	198005	1	32,	0,	197973,
32	0	0	0	0	0	0	0	-	RIGHT:15299	32	0	32	chr9:21815000-22135000	320000	198868	198900	1	32,	0,	198868,
32	0	0	0	0	0	0	0	-	RIGHT:14420	32	0	32	chr9:21815000-22135000	320000	197989	198021	1	32,	0,	197989,
32	0	0	0	0	0	0	0	-	RIGHT:14414	32	0	32	chr9:21815000-22135000	320000	197983	198015	1	32,	0,	197983,
30	0	0	0	0	0	0	0	-	RIGHT:12172	30	0	30	chr9:21815000-22135000	320000	195743	195773	1	30,	0,	195743,
31	0	0	0	0	0	0	0	-	RIGHT:18909	31	0	31	chr9:21815000-22135000	320000	202479	202510	1	31,	0,	202479,
31	0	0	0	0	0	0	0	-	RIGHT:11508	31	0	31	chr9:21815000-22135000	320000	195078	195109	1	31,	0,	195078,
32	0	0	0	0	0	0	0	-	RIGHT:16807	32	0	32	chr9:21815000-22135000	320000	200376	200408	1	32,	0,	200376,
32	0	0	0	0	0	0	0	-	RIGHT:19763	32	0	32	chr9:21815000-22135000	320000	203332	203364	1	32,	0,	203332,
31	0	0	0	0	0	0	0	-	RIGHT:13120	31	0	31	chr9:21815000-22135000	320000	196690	196721	1	31,	0,	196690,
31	0	0	0	0	0	0	0	-	RIGHT:19057	31	0	31	chr9:21815000-22135000	320000	202627	202658	1	31,	0,	202627,
31	0	0	0	0	0	0	0	-	RIGHT:14422	31	0	31	chr9:21815000-22135000	320000	197992	198023	1	31,	0,	197992,
32	0	0	0	0	0	0	0	-	RIGHT:16013	32	0	32	chr9:21815000-22135000	320000	199582	199614	1	32,	0,	199582,
31	0	0	0	0	0	0	0	-	RIGHT:13488	31	0	31	chr9:21815000-22135000	320000	197058	197089	1	31,	0,	197058,
30	0	0	0	0	0	0	0	-	RIGHT:15404	30	0	30	chr9:21815000-22135000	320000	198975	199005	1	30,	0,	198975,
31	0	0	0	0	0	0	0	-	RIGHT:13052	31	0	31	chr9:21815000-22135000	320000	196622	196653	1	31,	0,	196622,
30	0	0	0	0	0	0	0	-	RIGHT:13170	30	0	30	chr9:21815000-22135000	320000	196741	196771	1	30,	0,	196741,
30	0	0	0	0	0	0	0	-	RIGHT:15363	30	0	30	chr9:21815000-22135000	320000	198934	198964	1	30,	0,	198934,
30	0	0	0	0	0	0	0	-	RIGHT:15921	30	0	30	chr9:21815000-22135000	320000	199492	199522	1	30,	0,	199492,
32	0	0	0	0	0	0	0	-	RIGHT:13043	32	0	32	chr9:21815000-22135000	320000	196612	196644	1	32,	0,	196612,
30	0	0	0	0	0	0	0	-	RIGHT:13321	30	0	30	chr9:21815000-22135000	320000	196892	196922	1	30,	0,	196892,
31	0	0	0	0	0	0	0	-	RIGHT:12780	31	0	31	chr9:21815000-22135000	320000	196350	196381	1	31,	0,	196350,
30	0	0	0	0	0	0	0	-	RIGHT:14342	30	0	30	chr9:21815000-22135000	320000	197913	197943	1	30,	0,	197913,
31	0	0	0	0	0	0	0	-	RIGHT:11471	31	0	31	chr9:21815000-22135000	320000	195041	195072	1	31,	0,	195041,
31	0	0	0	0	0	0	0	-	RIGHT:15946	31	0	31	chr9:21815000-22135000	320000	199516	199547	1	31,	0,	199516,
32	0	0	0	0	0	0	0	-	RIGHT:19154	32	0	32	chr9:21815000-22135000	320000	202723	202755	1	32,	0,	202723,
30	1	0	0	0	0	0	0	+	RIGHT:19571	31	0	31	chr9:21815000-22135000	320000	138845	138876	1	31,	0,	138845,
30	1	0	0	0	0	0	0	+	RIGHT:19571	31	0	31	chr9:21815000-22135000	320000	261220	261251	1	31,	0,	261220,
29	2	0	0	0	0	0	0	+	RIGHT:19571	31	0	31	chr9:21815000-22135000	320000	132057	132088	1	31,	0,	132057,
29	2	0	0	0	0	0	0	+	RIGHT:19571	31	0	31	chr9:21815000-22135000	320000	311740	311771	1	31,	0,	311740,
28	3	0	0	0	0	0	0	+	RIGHT:19571	31	0	31	chr9:21815000-22135000	320000	317851	317882	1	31,	0,	317851,
28	3	0	0	0	0	0	0	+	RIGHT:19571	31	0	31	chr9:21815000-22135000	320000	239918	239949	1	31,	0,	239918,
28	3	0	0	0	0	0	0	+	RIGHT:19571	31	0	31	chr9:21815000-22135000	320000	159057	159088	1	31,	0,	159057,
28	3	0	0	0	0	0	0	+	RIGHT:19571	31	0	31	chr9:21815000-22135000	320000	100259	100290	1	31,	0,	100259,
22	0	0	0	0	0	0	0	+	RIGHT:19571	31	0	22	chr9:21815000-22135000	320000	291383	291405	1	22,	0,	291383,
20	0	0	0	0	0	0	0	+	RIGHT:19571	31	0	20	chr9:21815000-22135000	320000	3494	3514	1	20,	0,	3494,
31	0	0	0	0	0	0	0	-	RIGHT:19571	31	0	31	chr9:21815000-22135000	320000	203141	203172	1	31,	0,	203141,
29	2	0	0	0	0	0	0	-	RIGHT:19571	31	0	31	chr9:21815000-22135000	320000	25042	25073	1	31,	0,	25042,
29	2	0	0	0	0	0	0	-	RIGHT:19571	31	0	31	chr9:21815000-22135000	320000	103166	103197	1	31,	0,	103166,
29	2	0	0	0	0	0	0	-	RIGHT:19571	31	0	31	chr9:21815000-22135000	320000	135543	135574	1	31,	0,	135543,
28	3	0	0	0	0	0	0	-	RIGHT:19571	31	0	31	chr9:21815000-22135000	320000	29847	29878	1	31,	0,	29847,
28	3	0	0	0	0	0	0	-	RIGHT:19571	31	0	31	chr9:21815000-22135000	320000	123090	123121	1	31,	0,	123090,
28	3	0	0	0	0	0	0	-	RIGHT:19571	31	0	31	chr9:21815000-22135000	320000	141417	141448	1	31,	0,	141417,
29	2	0	0	0	0	1	1	-	RIGHT:19571	31	0	31	chr9:21815000-22135000	320000	161533	161565	2	24,7,	0,24,	161533,161558,
28	3	0	0	0	0	0	0	-	RIGHT:19571	31	0	31	chr9:21815000-22135000	320000	203474	203505	1	31,	0,	203474,
29	2	0	0	0	0	1	1	-	RIGHT:19571	31	0	31	chr9:21815000-22135000	320000	270536	270568	2	24,7,	0,24,	270536,270561,
30	1	0	0	0	0	1	233	-	RIGHT:19571	31	0	31	chr9:21815000-22135000	320000	242933	243197	2	26,5,	0,26,	242933,243192,
27	3	0	0	0	0	0	0	-	RIGHT:19571	31	0	30	chr9:21815000-22135000	320000	48424	48454	1	30,	1,	48424,
21	0	0	0	0	0	0	0	-	RIGHT:19571	31	0	21	chr9:21815000-22135000	320000	161206	161227	1	21,	10,	161206,
20	0	0	0	0	0	0	0	-	RIGHT:19571	31	0	20	chr9:21815000-22135000	320000	57141	57161	1	20,	11,	57141,
20	0	0	0	0	0	1	4	-	RIGHT:19571	31	0	20	chr9:21815000-22135000	320000	264312	264336	2	12,8,	11,23,	264312,264328,
29	2	0	0	0	0	0	0	+	RIGHT:17382	31	0	31	chr9:21815000-22135000	320000	98902	98933	1	31,	0,	98902,
31	0	0	0	0	0	0	0	-	RIGHT:17382	31	0	31	chr9:21815000-22135000	320000	275683	275714	1	31,	0,	275683,
31	0	0	0	0	0	0	0	-	RIGHT:17382	31	0	31	chr9:21815000-22135000	320000	200952	200983	1	31,	0,	200952,
24	0	0	0	0	0	0	0	-	RIGHT:17382	31	0	24	chr9:21815000-22135000	320000	148000	148024	1	24,	7,	148000,
20	1	0	0	0	0	0	0	-	RIGHT:17382	31	10	31	chr9:21815000-22135000	320000	61225	61246	1	21,	0,	61225,
15	0	0	0	0	0	0	0	-	RIGHT:17382	31	16	31	chr9:21815000-22135000	320000	205733	205748	1	15,	0,	205733,
30	0	0	0	0	0	0	0	-	RIGHT:19757	30	0	30	chr9:21815000-22135000	320000	203328	203358	1	30,	0,	203328,
31	0	0	0	0	0	0	0	-	RIGHT:13357	31	0	31	chr9:21815000-22135000	320000	196927	196958	1	31,	0,	196927,
31	0	0	0	0	0	0	0	-	RIGHT:12405	31	0	31	chr9:21815000-22135000	320000	195975	196006	1	31,	0,	195975,
32	0	0	0	0	0	0	0	-	RIGHT:18917	32	0	32	chr9:21815000-22135000	320000	202486	202518	1	32,	0,	202486,
31	0	0	0	0	0	0	0	-	RIGHT:14407	31	0	31	chr9:21815000-22135000	320000	197977	198008	1	31,	0,	197977,
32	0	0	0	0	0	0	0	-	RIGHT:11453	32	0	32	chr9:21815000-22135000	320000	195022	195054	1	32,	0,	195022,
30	0	0	0	0	0	0	0	-	RIGHT:15349	30	0	30	chr9:21815000-22135000	320000	198920	198950	1	30,	0,	198920,
30	0	0	0	0	0	0	0	-	RIGHT:11827	30	0	30	chr9:21815000-22135000	320000	195398	195428	1	30,	0,	195398,
15	0	0	0	0	0	0	0	-	RIGHT:11827	30	5	20	chr9:21815000-22135000	320000	226490	226505	1	15,	10,	226490,
31	0	0	0	0	0	0	0	-	RIGHT:11828	31	0	31	chr9:21815000-22135000	320000	195398	195429	1	31,	0,	195398,
15	0	0	0	0	0	0	0	-	RIGHT:11828	31	6	21	chr9:21815000-22135000	320000	226490	226505	1	15,	10,	226490,
32	0	0	0	0	0	0	0	-	RIGHT:19451	32	0	32	chr9:21815000-22135000	320000	203020	203052	1	32,	0,	203020,
31	0	0	0	0	0	0	0	-	RIGHT:14688	31	0	31	chr9:21815000-22135000	320000	198258	198289	1	31,	0,	198258,
32	0	0	0	0	0	0	0	-	RIGHT:18910	32	0	32	chr9:21815000-22135000	320000	202479	202511	1	32,	0,	202479,
31	0	0	0	0	0	0	0	-	RIGHT:19771	31	0	31	chr9:21815000-22135000	320000	203341	203372	1	31,	0,	203341,
30	1	0	0	0	0	0	0	+	RIGHT:18200	31	0	31	chr9:21815000-22135000	320000	5299	5330	1	31,	0,	5299,
29	2	0	0	0	0	0	0	+	RIGHT:18200	31	0	31	chr9:21815000-22135000	320000	275983	276014	1	31,	0,	275983,
16	0	0	0	0	0	0	0	+	RIGHT:18200	31	10	26	chr9:21815000-22135000	320000	148302	148318	1	16,	10,	148302,
31	0	0	0	0	0	0	0	-	RIGHT:18200	31	0	31	chr9:21815000-22135000	320000	201770	201801	1	31,	0,	201770,
28	0	0	0	0	0	0	0	-	RIGHT:18200	31	3	31	chr9:21815000-22135000	320000	98600	98628	1	28,	0,	98600,
29	1	0	0	0	0	0	0	-	RIGHT:18200	31	1	31	chr9:21815000-22135000	320000	83204	83234	1	30,	0,	83204,
26	0	0	0	0	0	0	0	+	RIGHT:18197	31	0	26	chr9:21815000-22135000	320000	5302	5328	1	26,	0,	5302,
31	0	0	0	0	0	0	0	-	RIGHT:18197	31	0	31	chr9:21815000-22135000	320000	201767	201798	1	31,	0,	201767,
31	0	0	0	0	0	0	0	-	RIGHT:18197	31	0	31	chr9:21815000-22135000	320000	98597	98628	1	31,	0,	98597,
30	1	0	0	0	0	0	0	-	RIGHT:18197	31	0	31	chr9:21815000-22135000	320000	83201	83232	1	31,	0,	83201,
30	1	0	0	0	0	0	0	+	RIGHT:18207	31	0	31	chr9:21815000-22135000	320000	275976	276007	1	31,	0,	275976,
30	1	0	0	0	0	0	0	+	RIGHT:18207	31	0	31	chr9:21815000-22135000	320000	5292	5323	1	31,	0,	5292,
29	2	0	0	0	0	0	0	+	RIGHT:18207	31	0	31	chr9:21815000-22135000	320000	148285	148316	1	31,	0,	148285,
28	3	0	0	0	0	0	0	+	RIGHT:18207	31	0	31	chr9:21815000-22135000	320000	61518	61549	1	31,	0,	61518,
31	0	0	0	0	0	0	0	-	RIGHT:18207	31	0	31	chr9:21815000-22135000	320000	201777	201808	1	31,	0,	201777,
29	2	0	0	0	0	0	0	-	RIGHT:18207	31	0	31	chr9:21815000-22135000	320000	98607	98638	1	31,	0,	98607,
32	0	0	0	0	0	0	0	-	RIGHT:14408	32	0	32	chr9:21815000-22135000	320000	197977	198009	1	32,	0,	197977,
32	0	0	0	0	0	0	0	-	RIGHT:18915	32	0	32	chr9:21815000-22135000	320000	202484	202516	1	32,	0,	202484,
30	0	0	0	0	0	0	0	-	RIGHT:15521	30	0	30	chr9:21815000-22135000	320000	199092	199122	1	30,	0,	199092,
30	0	0	0	0	0	0	0	-	RIGHT:16731	30	0	30	chr9:21815000-22135000	320000	200302	200332	1	30,	0,	200302,
30	0	0	0	0	0	0	0	-	RIGHT:14345	30	0	30	chr9:21815000-22135000	320000	197916	197946	1	30,	0,	197916,
28	2	0	0	0	0	0	0	+	RIGHT:16577	30	0	30	chr9:21815000-22135000	320000	83824	83854	1	30,	0,	83824,
27	2	0	0	0	0	0	0	+	RIGHT:16577	30	0	29	chr9:21815000-22135000	320000	99222	99251	1	29,	0,	99222,
30	0	0	0	0	0	0	0	-	RIGHT:16577	30	0	30	chr9:21815000-22135000	320000	200148	200178	1	30,	0,	200148,
29	1	0	0	0	0	0	0	-	RIGHT:16577	30	0	30	chr9:21815000-22135000	320000	275366	275396	1	30,	0,	275366,
29	1	0	0	0	0	0	0	-	RIGHT:16577	30	0	30	chr9:21815000-22135000	320000	4679	4709	1	30,	0,	4679,
28	2	0	0	0	0	0	0	-	RIGHT:16577	30	0	30	chr9:21815000-22135000	320000	60216	60246	1	30,	0,	60216,
24	0	0	0	0	0	0	0	-	RIGHT:16577	30	6	30	chr9:21815000-22135000	320000	72650	72674	1	24,	0,	72650,
29	1	0	0	0	0	0	0	+	RIGHT:19570	30	0	30	chr9:21815000-22135000	320000	138846	138876	1	30,	0,	138846,
29	1	0	0	0	0	0	0	+	RIGHT:19570	30	0	30	chr9:21815000-22135000	320000	261221	261251	1	30,	0,	261221,
28	2	0	0	0	0	0	0	+	RIGHT:19570	30	0	30	chr9:21815000-22135000	320000	311741	311771	1	30,	0,	311741,
28	2	0	0	0	0	0	0	+	RIGHT:19570	30	0	30	chr9:21815000-22135000	320000	132058	132088	1	30,	0,	132058,
27	3	0	0	0	0	0	0	+	RIGHT:19570	30	0	30	chr9:21815000-22135000	320000	317852	317882	1	30,	0,	317852,
27	3	0	0	0	0	0	0	+	RIGHT:19570	30	0	30	chr9:21815000-22135000	320000	239919	239949	1	30,	0,	239919,
27	3	0	0	0	0	0	0	+	RIGHT:19570	30	0	30	chr9:21815000-22135000	320000	159058	159088	1	30,	0,	159058,
27	3	0	0	0	0	0	0	+	RIGHT:19570	30	0	30	chr9:21815000-22135000	320000	100260	100290	1	30,	0,	100260,
21	0	0	0	0	0	0	0	+	RIGHT:19570	30	0	21	chr9:21815000-22135000	320000	291384	291405	1	21,	0,	291384,
19	0	0	0	0	0	0	0	+	RIGHT:19570	30	0	19	chr9:21815000-22135000	320000	3495	3514	1	19,	0,	3495,
30	0	0	0	0	0	0	0	-	RIGHT:19570	30	0	30	chr9:21815000-22135000	320000	203141	203171	1	30,	0,	203141,
28	2	0	0	0	0	0	0	-	RIGHT:19570	30	0	30	chr9:21815000-22135000	320000	25042	25072	1	30,	0,	25042,
28	2	0	0	0	0	0	0	-	RIGHT:19570	30	0	30	chr9:21815000-22135000	320000	103166	103196	1	30,	0,	103166,
28	2	0	0	0	0	0	0	-	RIGHT:19570	30	0	30	chr9:21815000-22135000	320000	135543	135573	1	30,	0,	135543,
28	2	0	0	0	0	0	0	-	RIGHT:19570	30	0	30	chr9:21815000-22135000	320000	242933	242963	1	30,	0,	242933,
27	3	0	0	0	0	0	0	-	RIGHT:19570	30	0	30	chr9:21815000-22135000	320000	29847	29877	1	30,	0,	29847,
27	3	0	0	0	0	0	0	-	RIGHT:19570	30	0	30	chr9:21815000-22135000	320000	123090	123120	1	30,	0,	123090,
27	3	0	0	0	0	0	0	-	RIGHT:19570	30	0	30	chr9:21815000-22135000	320000	141417	141447	1	30,	0,	141417,
28	2	0	0	0	0	1	1	-	RIGHT:19570	30	0	30	chr9:21815000-22135000	320000	161533	161564	2	24,6,	0,24,	161533,161558,
27	3	0	0	0	0	0	0	-	RIGHT:19570	30	0	30	chr9:21815000-22135000	320000	203474	203504	1	30,	0,	203474,
28	2	0	0	0	0	1	1	-	RIGHT:19570	30	0	30	chr9:21815000-22135000	320000	270536	270567	2	24,6,	0,24,	270536,270561,
20	0	0	0	0	0	0	0	-	RIGHT:19570	30	0	20	chr9:21815000-22135000	320000	161206	161226	1	20,	10,	161206,
19	0	0	0	0	0	0	0	-	RIGHT:19570	30	0	19	chr9:21815000-22135000	320000	57141	57160	1	19,	11,	57141,
15	0	0	0	0	0	0	0	-	RIGHT:19570	30	4	19	chr9:21815000-22135000	320000	264312	264327	1	15,	11,	264312,
28	2	0	0	0	0	0	0	+	RIGHT:17381	30	0	30	chr9:21815000-22135000	320000	98903	98933	1	30,	0,	98903,
30	0	0	0	0	0	0	0	-	RIGHT:17381	30	0	30	chr9:21815000-22135000	320000	275683	275713	1	30,	0,	275683,
30	0	0	0	0	0	0	0	-	RIGHT:17381	30	0	30	chr9:21815000-22135000	320000	200952	200982	1	30,	0,	200952,
23	0	0	0	0	0	0	0	-	RIGHT:17381	30	0	23	chr9:21815000-22135000	320000	148000	148023	1	23,	7,	148000,
20	1	0	0	0	0	0	0	-	RIGHT:17381	30	9	30	chr9:21815000-22135000	320000	61225	61246	1	21,	0,	61225,
15	0	0	0	0	0	0	0	-	RIGHT:17381	30	15	30	chr9:21815000-22135000	320000	205733	205748	1	15,	0,	205733,
31	0	0	0	0	0	0	0	-	RIGHT:13169	31	0	31	chr9:21815000-22135000	320000	196739	196770	1	31,	0,	196739,
32	0	0	0	0	0	0	0	-	RIGHT:12970	32	0	32	chr9:21815000-22135000	320000	196539	196571	1	32,	0,	196539,
30	0	0	0	0	0	0	0	-	RIGHT:12121	30	0	30	chr9:21815000-22135000	320000	195692	195722	1	30,	0,	195692,
29	1	0	0	0	0	0	0	+	RIGHT:18199	30	0	30	chr9:21815000-22135000	320000	5300	5330	1	30,	0,	5300,
28	2	0	0	0	0	0	0	+	RIGHT:18199	30	0	30	chr9:21815000-22135000	320000	275984	276014	1	30,	0,	275984,
16	0	0	0	0	0	0	0	+	RIGHT:18199	30	9	25	chr9:21815000-22135000	320000	148302	148318	1	16,	9,	148302,
30	0	0	0	0	0	0	0	-	RIGHT:18199	30	0	30	chr9:21815000-22135000	320000	201770	201800	1	30,	0,	201770,
28	0	0	0	0	0	0	0	-	RIGHT:18199	30	2	30	chr9:21815000-22135000	320000	98600	98628	1	28,	0,	98600,
29	1	0	0	0	0	0	0	-	RIGHT:18199	30	0	30	chr9:21815000-22135000	320000	83204	83234	1	30,	0,	83204,
30	1	0	0	0	0	0	0	+	RIGHT:17973	31	0	31	chr9:21815000-22135000	320000	276210	276241	1	31,	0,	276210,
29	2	0	0	0	0	0	0	+	RIGHT:17973	31	0	31	chr9:21815000-22135000	320000	5524	5555	1	31,	0,	5524,
15	0	0	0	0	0	0	0	+	RIGHT:17973	31	0	15	chr9:21815000-22135000	320000	61748	61763	1	15,	0,	61748,
31	0	0	0	0	0	0	0	-	RIGHT:17973	31	0	31	chr9:21815000-22135000	320000	201543	201574	1	31,	0,	201543,
31	0	0	0	0	0	0	0	-	RIGHT:17973	31	0	31	chr9:21815000-22135000	320000	82977	83008	1	31,	0,	82977,
30	1	0	0	0	0	0	0	-	RIGHT:17973	31	0	31	chr9:21815000-22135000	320000	98374	98405	1	31,	0,	98374,
28	3	0	0	0	0	0	0	-	RIGHT:17973	31	0	31	chr9:21815000-22135000	320000	30860	30891	1	31,	0,	30860,
20	0	0	0	0	0	0	0	-	RIGHT:17973	31	0	20	chr9:21815000-22135000	320000	136452	136472	1	20,	11,	136452,
31	0	0	0	0	0	0	0	-	RIGHT:14399	31	0	31	chr9:21815000-22135000	320000	197969	198000	1	31,	0,	197969,
31	0	0	0	0	0	0	0	-	RIGHT:14286	31	0	31	chr9:21815000-22135000	320000	197856	197887	1	31,	0,	197856,
31	0	0	0	0	0	0	0	-	RIGHT:18307	31	0	31	chr9:21815000-22135000	320000	201877	201908	1	31,	0,	201877,
31	0	0	0	0	0	0	0	-	RIGHT:15291	31	0	31	chr9:21815000-22135000	320000	198861	198892	1	31,	0,	198861,
30	0	0	0	0	0	0	0	-	RIGHT:18326	30	0	30	chr9:21815000-22135000	320000	201897	201927	1	30,	0,	201897,
30	0	0	0	0	0	0	0	-	RIGHT:16805	30	0	30	chr9:21815000-22135000	320000	200376	200406	1	30,	0,	200376,
31	0	0	0	0	0	0	0	-	RIGHT:12975	31	0	31	chr9:21815000-22135000	320000	196545	196576	1	31,	0,	196545,
30	0	0	0	0	0	0	0	-	RIGHT:14736	30	0	30	chr9:21815000-22135000	320000	198307	198337	1	30,	0,	198307,
31	0	0	0	0	0	0	0	-	RIGHT:13242	31	0	31	chr9:21815000-22135000	320000	196812	196843	1	31,	0,	196812,
32	0	0	0	0	0	0	0	-	RIGHT:14402	32	0	32	chr9:21815000-22135000	320000	197971	198003	1	32,	0,	197971,
