4477	272.17	-01,04,00
chr9:21815000-22135000	101722	True	actagatgtaccagatctagaaaagaagaac	0.8435
chr9:21815000-22135000	102666	True	tagaaagtaatatgcagattccttaaagaac	0.6090
chr9:21815000-22135000	103477	True	aaatttcagaaattagcactaaagaacttac	0.2660
chr9:21815000-22135000	104692	True	gaaatacactgacaaggtgatagaatcatag	0.7458
chr9:21815000-22135000	105668	True	tggtcaaacttgattaaataattattaagtg	0.0193
chr9:21815000-22135000	106522	True	CATTGTAAGAAAGTTTTAACCTAGACAAAAC	0.7715
chr9:21815000-22135000	108845	True	tgtgagtaagagtcactataagatcatggag	0.8701
chr9:21815000-22135000	109796	True	acctactagagttcagactccatttaatatg	0.1698
chr9:21815000-22135000	111158	True	GGTCATAATGATAATGCCTATAGTAACTCAG	0.7921
chr9:21815000-22135000	194861	False	TTCTCTATTTTTATGGTTGACTAATTCAAAC	0.8521
chr9:21815000-22135000	195829	False	CTAACTTTTCTGATAAGTTTCAGAGAAACTC	0.0840
chr9:21815000-22135000	196725	False	CTATTGTATTACATGTGAAATGTCATCTTTG	0.3609
chr9:21815000-22135000	197727	False	ACACTATCTTAGTCCTAATCATATGCAAAAG	0.6820
chr9:21815000-22135000	198450	False	agagagagagagagatacaagagactgtagc	0.4383
chr9:21815000-22135000	199129	False	aatgaaggaatagtaaaattagaatatcacc	0.2041
chr9:21815000-22135000	200406	False	acattacctgatttaaaaacttcctataaag	0.2135
chr9:21815000-22135000	200993	False	ctaatatccagaatctacaatgaactcaaac	0.5699
chr9:21815000-22135000	202049	False	aagataaaactggaatatattgtcataccag	0.5411
chr9:21815000-22135000	203050	False	TTTTAGAAAATGTTTTCATCTATCTCAATAC	0.7953
=
5688	275.94	000,04,02
chr9:21815000-22135000	102004	True	tttgaaagtagagctataagatttaccaaag	0.8995
chr9:21815000-22135000	102690	True	aaagaactaaaagtagaactaccattcaatc	0.2721
chr9:21815000-22135000	103477	True	aaatttcagaaattagcactaaagaacttac	0.2660
chr9:21815000-22135000	104474	True	GTTAAGAGAAGATATTTGTAaaccacttttg	0.6502
chr9:21815000-22135000	105027	True	attacattaggattagagacaagagaacaag	0.0721
chr9:21815000-22135000	105669	True	ggtcaaacttgattaaataattattaagtgg	0.8163
chr9:21815000-22135000	106384	True	catttacttctgctctgatctttattatttc	0.6781
chr9:21815000-22135000	108858	True	cactataagatcatggagataaggatatagg	0.1380
chr9:21815000-22135000	109781	True	tcaagaagttagttgacctactagagttcag	0.3569
chr9:21815000-22135000	111018	True	TAGAGATATTTTATTTAGACTAGGGGCTTAG	0.0345
chr9:21815000-22135000	195141	False	TCATTATTACTGCATAAATTTCCTTTATTAC	0.2837
chr9:21815000-22135000	195843	False	CAGACTATCTTGTCCTAACTTTTCTGATAAG	0.3031
chr9:21815000-22135000	196943	False	TTTCTCTTTCTTTCTTCTCAATTATAAATTC	0.1101
chr9:21815000-22135000	197943	False	aactaatacGGATACTAAAATGATGAACAAG	0.8000
chr9:21815000-22135000	198943	False	cagactctaggcctaaataataagttatgag	0.3674
chr9:21815000-22135000	199902	False	aaatcattattctcagtaaactatcacaagg	0.5002
chr9:21815000-22135000	200406	False	acattacctgatttaaaaacttcctataaag	0.2135
chr9:21815000-22135000	200993	False	ctaatatccagaatctacaatgaactcaaac	0.5699
chr9:21815000-22135000	201928	False	ttgatcatcaacaggaataataactataatg	0.1251
chr9:21815000-22135000	202514	False	AATAAATAAATAATTATATGCCAGAGTTCAG	0.7781
chr9:21815000-22135000	203369	False	GCATATGTTATCAGTAATATGTAAGTATGGC	0.1767
=
6026	281.48	-01,04,01
chr9:21815000-22135000	101711	True	atgtcactgacactagatgtaccagatctag	0.4258
chr9:21815000-22135000	102166	True	tacaaagagtccagttgttaacttttagaag	0.8876
chr9:21815000-22135000	102900	True	ctgagctataaaaaggaacaataataatgtc	0.8360
chr9:21815000-22135000	103850	True	gagtcaattaactcttccctttataaattac	0.3080
chr9:21815000-22135000	104983	True	acagaacttgtctctaatcctaatgtaacag	0.2167
chr9:21815000-22135000	105721	True	aaattgtgtattaatctggaaatatttatcc	0.3419
chr9:21815000-22135000	106384	True	catttacttctgctctgatctttattatttc	0.6781
chr9:21815000-22135000	108845	True	tgtgagtaagagtcactataagatcatggag	0.8701
chr9:21815000-22135000	109796	True	acctactagagttcagactccatttaatatg	0.1698
chr9:21815000-22135000	110182	True	ataataaaattggtcttaatagatcaaggac	0.2041
chr9:21815000-22135000	111293	True	ttaatatactataactcgctatgtaacaccc	0.4783
chr9:21815000-22135000	194865	False	ATTTTTCTCTATTTTTATGGTTGACTAATTC	0.0122
chr9:21815000-22135000	195839	False	CTATCTTGTCCTAACTTTTCTGATAAGTTTC	0.0350
chr9:21815000-22135000	196771	False	AGGTAAAATGTTTCATAATCTCACTCTATTG	0.5002
chr9:21815000-22135000	197725	False	ACTATCTTAGTCCTAATCATATGCAAAAGTG	0.6820
chr9:21815000-22135000	198282	False	acctctaaatttttatattaaagtcctaagc	0.3211
chr9:21815000-22135000	199129	False	aatgaaggaatagtaaaattagaatatcacc	0.2041
chr9:21815000-22135000	199491	False	aagagaactttctatatagaaatattccagg	0.5807
chr9:21815000-22135000	200406	False	acattacctgatttaaaaacttcctataaag	0.2135
chr9:21815000-22135000	200993	False	ctaatatccagaatctacaatgaactcaaac	0.5699
chr9:21815000-22135000	201919	False	aacaggaataataactataatgggttaaaac	0.0871
chr9:21815000-22135000	202568	False	TAATAACTTTATTCAAGAATGAGTTTCAATG	0.1947
chr9:21815000-22135000	203369	False	GCATATGTTATCAGTAATATGTAAGTATGGC	0.1767
=
6125	264.22	-01,04,02
chr9:21815000-22135000	101719	True	gacactagatgtaccagatctagaaaagaag	0.1622
chr9:21815000-22135000	102850	True	ccgagttgataataaaaatatggtatatatg	0.2337
chr9:21815000-22135000	103477	True	aaatttcagaaattagcactaaagaacttac	0.2660
chr9:21815000-22135000	104104	True	atagtttcagcagagtgtttaaagtaaaatc	0.4233
chr9:21815000-22135000	104954	True	ataaaaattcttcatggagttatttctaaac	0.0122
chr9:21815000-22135000	106048	True	agactttttattacagctttgatctcattac	0.2987
chr9:21815000-22135000	106496	True	CAAAGATAATATAGAAATACAGTGGTCATTG	0.3320
chr9:21815000-22135000	108845	True	tgtgagtaagagtcactataagatcatggag	0.8701
chr9:21815000-22135000	109796	True	acctactagagttcagactccatttaatatg	0.1698
chr9:21815000-22135000	111293	True	ttaatatactataactcgctatgtaacaccc	0.4783
chr9:21815000-22135000	194861	False	TTCTCTATTTTTATGGTTGACTAATTCAAAC	0.8521
chr9:21815000-22135000	195895	False	TTTCATTTTTCTGACATATTTACTACCTAAG	0.5788
chr9:21815000-22135000	196771	False	AGGTAAAATGTTTCATAATCTCACTCTATTG	0.5002
chr9:21815000-22135000	197890	False	AAAATACATGGGAATATAGAAGTGGATATAC	0.0109
chr9:21815000-22135000	199129	False	aatgaaggaatagtaaaattagaatatcacc	0.2041
chr9:21815000-22135000	199744	False	gcattaggatatatatctaatgctaaatgac	0.8577
chr9:21815000-22135000	200406	False	acattacctgatttaaaaacttcctataaag	0.2135
chr9:21815000-22135000	200993	False	ctaatatccagaatctacaatgaactcaaac	0.5699
chr9:21815000-22135000	201856	False	gtaataatgttaaaatcattagtcacctttg	0.5247
chr9:21815000-22135000	203049	False	TTTAGAAAATGTTTTCATCTATCTCAATACC	0.7304
=
6353	267.03	000,04,01
chr9:21815000-22135000	101915	True	attgttgttatttaggtgagaaatagagttg	0.6252
chr9:21815000-22135000	102900	True	ctgagctataaaaaggaacaataataatgtc	0.8360
chr9:21815000-22135000	103477	True	aaatttcagaaattagcactaaagaacttac	0.2660
chr9:21815000-22135000	104022	True	acactattgataggaaaaagtgagaactaag	0.0574
chr9:21815000-22135000	104988	True	acttgtctctaatcctaatgtaacagaaatg	0.3606
chr9:21815000-22135000	105721	True	aaattgtgtattaatctggaaatatttatcc	0.3419
chr9:21815000-22135000	106522	True	CATTGTAAGAAAGTTTTAACCTAGACAAAAC	0.7715
chr9:21815000-22135000	108858	True	cactataagatcatggagataaggatatagg	0.1380
chr9:21815000-22135000	109796	True	acctactagagttcagactccatttaatatg	0.1698
chr9:21815000-22135000	111293	True	ttaatatactataactcgctatgtaacaccc	0.4783
chr9:21815000-22135000	195150	False	TATGATGTTTCATTATTACTGCATAAATTTC	0.2465
chr9:21815000-22135000	196377	False	acagagtacacaataagTTTGATTTCTCTTC	0.1301
chr9:21815000-22135000	197091	False	TTCTATATCAAGGTCATATACAGACAATTTC	0.8968
chr9:21815000-22135000	197943	False	aactaatacGGATACTAAAATGATGAACAAG	0.8000
chr9:21815000-22135000	199122	False	gaatagtaaaattagaatatcaccattttgc	0.7936
chr9:21815000-22135000	200406	False	acattacctgatttaaaaacttcctataaag	0.2135
chr9:21815000-22135000	201672	False	gtttgtcaaagatcagatagttgtagatatg	0.8737
chr9:21815000-22135000	203050	False	TTTTAGAAAATGTTTTCATCTATCTCAATAC	0.7953
=
