31	0	0	0	0	0	0	0	+	LEFT:3354	31	0	31	chr9:21815000-22135000	320000	104954	104985	1	31,	0,	104954,
31	0	0	0	0	0	0	0	+	LEFT:4068	31	0	31	chr9:21815000-22135000	320000	105668	105699	1	31,	0,	105668,
31	0	0	0	0	0	0	0	+	LEFT:9418	31	0	31	chr9:21815000-22135000	320000	111018	111049	1	31,	0,	111018,
31	0	0	0	0	0	0	0	+	LEFT:483	31	0	31	chr9:21815000-22135000	320000	102083	102114	1	31,	0,	102083,
31	0	0	0	0	0	0	0	+	LEFT:2422	31	0	31	chr9:21815000-22135000	320000	104022	104053	1	31,	0,	104022,
31	0	0	0	0	0	0	0	+	LEFT:116	31	0	31	chr9:21815000-22135000	320000	101716	101747	1	31,	0,	101716,
31	0	0	0	0	0	0	0	+	LEFT:3427	31	0	31	chr9:21815000-22135000	320000	105027	105058	1	31,	0,	105027,
22	0	0	0	0	0	0	0	-	LEFT:3427	31	1	23	chr9:21815000-22135000	320000	104989	105011	1	22,	8,	104989,
31	0	0	0	0	0	0	0	+	LEFT:476	31	0	31	chr9:21815000-22135000	320000	102076	102107	1	31,	0,	102076,
31	0	0	0	0	0	0	0	+	LEFT:3434	31	0	31	chr9:21815000-22135000	320000	105034	105065	1	31,	0,	105034,
31	0	0	0	0	0	0	0	+	LEFT:9556	31	0	31	chr9:21815000-22135000	320000	111156	111187	1	31,	0,	111156,
31	0	0	0	0	0	0	0	+	LEFT:4078	31	0	31	chr9:21815000-22135000	320000	105678	105709	1	31,	0,	105678,
31	0	0	0	0	0	0	0	+	LEFT:7835	31	0	31	chr9:21815000-22135000	320000	109435	109466	1	31,	0,	109435,
31	0	0	0	0	0	0	0	+	LEFT:3381	31	0	31	chr9:21815000-22135000	320000	104981	105012	1	31,	0,	104981,
22	0	0	0	0	0	0	0	-	LEFT:3381	31	8	30	chr9:21815000-22135000	320000	105028	105050	1	22,	1,	105028,
31	0	0	0	0	0	0	0	+	LEFT:7258	31	0	31	chr9:21815000-22135000	320000	108858	108889	1	31,	0,	108858,
31	0	0	0	0	0	0	0	+	LEFT:1086	31	0	31	chr9:21815000-22135000	320000	102686	102717	1	31,	0,	102686,
28	1	0	0	0	0	0	0	+	LEFT:1086	31	0	29	chr9:21815000-22135000	320000	31675	31704	1	29,	0,	31675,
30	0	0	0	0	0	0	0	-	LEFT:1086	31	0	30	chr9:21815000-22135000	320000	147678	147708	1	30,	1,	147678,
31	0	0	0	0	0	0	0	+	LEFT:1171	31	0	31	chr9:21815000-22135000	320000	102771	102802	1	31,	0,	102771,
25	1	0	0	0	0	0	0	+	LEFT:1171	31	0	26	chr9:21815000-22135000	320000	83916	83942	1	26,	0,	83916,
31	0	0	0	0	0	0	0	+	LEFT:119	31	0	31	chr9:21815000-22135000	320000	101719	101750	1	31,	0,	101719,
31	0	0	0	0	0	0	0	+	LEFT:1270	31	0	31	chr9:21815000-22135000	320000	102870	102901	1	31,	0,	102870,
16	0	0	0	0	0	0	0	+	LEFT:1270	31	0	16	chr9:21815000-22135000	320000	167602	167618	1	16,	0,	167602,
31	0	0	0	0	0	0	0	+	LEFT:8196	31	0	31	chr9:21815000-22135000	320000	109796	109827	1	31,	0,	109796,
31	0	0	0	0	0	0	0	+	LEFT:1169	31	0	31	chr9:21815000-22135000	320000	102769	102800	1	31,	0,	102769,
31	0	0	0	0	0	0	0	+	LEFT:8582	31	0	31	chr9:21815000-22135000	320000	110182	110213	1	31,	0,	110182,
31	0	0	0	0	0	0	0	+	LEFT:4795	31	0	31	chr9:21815000-22135000	320000	106395	106426	1	31,	0,	106395,
31	0	0	0	0	0	0	0	+	LEFT:3372	31	0	31	chr9:21815000-22135000	320000	104972	105003	1	31,	0,	104972,
31	0	0	0	0	0	0	0	+	LEFT:2866	31	0	31	chr9:21815000-22135000	320000	104466	104497	1	31,	0,	104466,
31	0	0	0	0	0	0	0	+	LEFT:3383	31	0	31	chr9:21815000-22135000	320000	104983	105014	1	31,	0,	104983,
22	0	0	0	0	0	0	0	-	LEFT:3383	31	6	28	chr9:21815000-22135000	320000	105028	105050	1	22,	3,	105028,
31	0	0	0	0	0	0	0	+	LEFT:384	31	0	31	chr9:21815000-22135000	320000	101984	102015	1	31,	0,	101984,
31	0	0	0	0	0	0	0	+	LEFT:1075	31	0	31	chr9:21815000-22135000	320000	102675	102706	1	31,	0,	102675,
25	0	0	0	0	0	0	0	-	LEFT:1075	31	6	31	chr9:21815000-22135000	320000	147688	147713	1	25,	0,	147688,
31	0	0	0	0	0	0	0	+	LEFT:1250	31	0	31	chr9:21815000-22135000	320000	102850	102881	1	31,	0,	102850,
31	0	0	0	0	0	0	0	+	LEFT:4688	31	0	31	chr9:21815000-22135000	320000	106288	106319	1	31,	0,	106288,
31	0	0	0	0	0	0	0	+	LEFT:310	31	0	31	chr9:21815000-22135000	320000	101910	101941	1	31,	0,	101910,
31	0	0	0	0	0	0	0	+	LEFT:579	31	0	31	chr9:21815000-22135000	320000	102179	102210	1	31,	0,	102179,
31	0	0	0	0	0	0	0	+	LEFT:1298	31	0	31	chr9:21815000-22135000	320000	102898	102929	1	31,	0,	102898,
21	0	0	0	1	1	1	3	-	LEFT:1298	31	5	27	chr9:21815000-22135000	320000	70739	70763	2	6,15,	4,11,	70739,70748,
31	0	0	0	0	0	0	0	+	LEFT:7239	31	0	31	chr9:21815000-22135000	320000	108839	108870	1	31,	0,	108839,
31	0	0	0	0	0	0	0	+	LEFT:9411	31	0	31	chr9:21815000-22135000	320000	111011	111042	1	31,	0,	111011,
31	0	0	0	0	0	0	0	+	LEFT:1877	31	0	31	chr9:21815000-22135000	320000	103477	103508	1	31,	0,	103477,
15	0	0	0	0	0	0	0	-	LEFT:1877	31	16	31	chr9:21815000-22135000	320000	147191	147206	1	15,	0,	147191,
31	0	0	0	0	0	0	0	+	LEFT:1873	31	0	31	chr9:21815000-22135000	320000	103473	103504	1	31,	0,	103473,
31	0	0	0	0	0	0	0	+	LEFT:1090	31	0	31	chr9:21815000-22135000	320000	102690	102721	1	31,	0,	102690,
24	1	0	0	0	0	0	0	+	LEFT:1090	31	0	25	chr9:21815000-22135000	320000	31679	31704	1	25,	0,	31679,
26	0	0	0	0	0	0	0	-	LEFT:1090	31	0	26	chr9:21815000-22135000	320000	147678	147704	1	26,	5,	147678,
31	0	0	0	0	0	0	0	+	LEFT:3010	31	0	31	chr9:21815000-22135000	320000	104610	104641	1	31,	0,	104610,
31	0	0	0	0	0	0	0	+	LEFT:7251	31	0	31	chr9:21815000-22135000	320000	108851	108882	1	31,	0,	108851,
31	0	0	0	0	0	0	0	+	LEFT:4448	31	0	31	chr9:21815000-22135000	320000	106048	106079	1	31,	0,	106048,
31	0	0	0	0	0	0	0	+	LEFT:2250	31	0	31	chr9:21815000-22135000	320000	103850	103881	1	31,	0,	103850,
31	0	0	0	0	0	0	0	+	LEFT:4896	31	0	31	chr9:21815000-22135000	320000	106496	106527	1	31,	0,	106496,
31	0	0	0	0	0	0	0	+	LEFT:8179	31	0	31	chr9:21815000-22135000	320000	109779	109810	1	31,	0,	109779,
31	0	0	0	0	0	0	0	+	LEFT:4121	31	0	31	chr9:21815000-22135000	320000	105721	105752	1	31,	0,	105721,
31	0	0	0	0	0	0	0	+	LEFT:1052	31	0	31	chr9:21815000-22135000	320000	102652	102683	1	31,	0,	102652,
31	0	0	0	0	0	0	0	+	LEFT:8181	31	0	31	chr9:21815000-22135000	320000	109781	109812	1	31,	0,	109781,
31	0	0	0	0	0	0	0	+	LEFT:3388	31	0	31	chr9:21815000-22135000	320000	104988	105019	1	31,	0,	104988,
22	0	0	0	0	0	0	0	-	LEFT:3388	31	1	23	chr9:21815000-22135000	320000	105028	105050	1	22,	8,	105028,
31	0	0	0	0	0	0	0	+	LEFT:3507	31	0	31	chr9:21815000-22135000	320000	105107	105138	1	31,	0,	105107,
31	0	0	0	0	0	0	0	+	LEFT:2324	31	0	31	chr9:21815000-22135000	320000	103924	103955	1	31,	0,	103924,
31	0	0	0	0	0	0	0	+	LEFT:9423	31	0	31	chr9:21815000-22135000	320000	111023	111054	1	31,	0,	111023,
31	0	0	0	0	0	0	0	+	LEFT:2504	31	0	31	chr9:21815000-22135000	320000	104104	104135	1	31,	0,	104104,
31	0	0	0	0	0	0	0	+	LEFT:111	31	0	31	chr9:21815000-22135000	320000	101711	101742	1	31,	0,	101711,
31	0	0	0	0	0	0	0	+	LEFT:4788	31	0	31	chr9:21815000-22135000	320000	106388	106419	1	31,	0,	106388,
31	0	0	0	0	0	0	0	+	LEFT:387	31	0	31	chr9:21815000-22135000	320000	101987	102018	1	31,	0,	101987,
31	0	0	0	0	0	0	0	+	LEFT:9554	31	0	31	chr9:21815000-22135000	320000	111154	111185	1	31,	0,	111154,
31	0	0	0	0	0	0	0	+	LEFT:563	31	0	31	chr9:21815000-22135000	320000	102163	102194	1	31,	0,	102163,
31	0	0	0	0	0	0	0	+	LEFT:486	31	0	31	chr9:21815000-22135000	320000	102086	102117	1	31,	0,	102086,
31	0	0	0	0	0	0	0	+	LEFT:9693	31	0	31	chr9:21815000-22135000	320000	111293	111324	1	31,	0,	111293,
31	0	0	0	0	0	0	0	+	LEFT:1305	31	0	31	chr9:21815000-22135000	320000	102905	102936	1	31,	0,	102905,
31	0	0	0	0	0	0	0	+	LEFT:4497	31	0	31	chr9:21815000-22135000	320000	106097	106128	1	31,	0,	106097,
31	0	0	0	0	0	0	0	+	LEFT:2767	31	0	31	chr9:21815000-22135000	320000	104367	104398	1	31,	0,	104367,
31	0	0	0	0	0	0	0	+	LEFT:1072	31	0	31	chr9:21815000-22135000	320000	102672	102703	1	31,	0,	102672,
22	0	0	0	0	0	0	0	-	LEFT:1072	31	9	31	chr9:21815000-22135000	320000	147691	147713	1	22,	0,	147691,
31	0	0	0	0	0	0	0	+	LEFT:4927	31	0	31	chr9:21815000-22135000	320000	106527	106558	1	31,	0,	106527,
31	0	0	0	0	0	0	0	+	LEFT:4911	31	0	31	chr9:21815000-22135000	320000	106511	106542	1	31,	0,	106511,
31	0	0	0	0	0	0	0	+	LEFT:3656	31	0	31	chr9:21815000-22135000	320000	105256	105287	1	31,	0,	105256,
31	0	0	0	0	0	0	0	+	LEFT:9362	31	0	31	chr9:21815000-22135000	320000	110962	110993	1	31,	0,	110962,
31	0	0	0	0	0	0	0	+	LEFT:1066	31	0	31	chr9:21815000-22135000	320000	102666	102697	1	31,	0,	102666,
16	0	0	0	0	0	0	0	-	LEFT:1066	31	15	31	chr9:21815000-22135000	320000	147697	147713	1	16,	0,	147697,
31	0	0	0	0	0	0	0	+	LEFT:315	31	0	31	chr9:21815000-22135000	320000	101915	101946	1	31,	0,	101915,
31	0	0	0	0	0	0	0	+	LEFT:4529	31	0	31	chr9:21815000-22135000	320000	106129	106160	1	31,	0,	106129,
31	0	0	0	0	0	0	0	+	LEFT:3377	31	0	31	chr9:21815000-22135000	320000	104977	105008	1	31,	0,	104977,
19	0	0	0	0	0	0	0	-	LEFT:3377	31	12	31	chr9:21815000-22135000	320000	105031	105050	1	19,	0,	105031,
31	0	0	0	0	0	0	0	+	LEFT:3543	31	0	31	chr9:21815000-22135000	320000	105143	105174	1	31,	0,	105143,
31	0	0	0	0	0	0	0	+	LEFT:2874	31	0	31	chr9:21815000-22135000	320000	104474	104505	1	31,	0,	104474,
31	0	0	0	0	0	0	0	+	LEFT:4536	31	0	31	chr9:21815000-22135000	320000	106136	106167	1	31,	0,	106136,
31	0	0	0	0	0	0	0	+	LEFT:7840	31	0	31	chr9:21815000-22135000	320000	109440	109471	1	31,	0,	109440,
31	0	0	0	0	0	0	0	+	LEFT:3539	31	0	31	chr9:21815000-22135000	320000	105139	105170	1	31,	0,	105139,
31	0	0	0	0	0	0	0	+	LEFT:4523	31	0	31	chr9:21815000-22135000	320000	106123	106154	1	31,	0,	106123,
31	0	0	0	0	0	0	0	+	LEFT:2726	31	0	31	chr9:21815000-22135000	320000	104326	104357	1	31,	0,	104326,
31	0	0	0	0	0	0	0	+	LEFT:4784	31	0	31	chr9:21815000-22135000	320000	106384	106415	1	31,	0,	106384,
31	0	0	0	0	0	0	0	+	LEFT:7838	31	0	31	chr9:21815000-22135000	320000	109438	109469	1	31,	0,	109438,
31	0	0	0	0	0	0	0	+	LEFT:8186	31	0	31	chr9:21815000-22135000	320000	109786	109817	1	31,	0,	109786,
31	0	0	0	0	0	0	0	+	LEFT:4508	31	0	31	chr9:21815000-22135000	320000	106108	106139	1	31,	0,	106108,
31	0	0	0	0	0	0	0	+	LEFT:1082	31	0	31	chr9:21815000-22135000	320000	102682	102713	1	31,	0,	102682,
30	1	0	0	0	0	0	0	+	LEFT:1082	31	0	31	chr9:21815000-22135000	320000	31671	31702	1	31,	0,	31671,
31	0	0	0	0	0	0	0	-	LEFT:1082	31	0	31	chr9:21815000-22135000	320000	147681	147712	1	31,	0,	147681,
31	0	0	0	0	0	0	0	+	LEFT:1274	31	0	31	chr9:21815000-22135000	320000	102874	102905	1	31,	0,	102874,
31	0	0	0	0	0	0	0	+	LEFT:3092	31	0	31	chr9:21815000-22135000	320000	104692	104723	1	31,	0,	104692,
31	0	0	0	0	0	0	0	+	LEFT:3654	31	0	31	chr9:21815000-22135000	320000	105254	105285	1	31,	0,	105254,
31	0	0	0	0	0	0	0	+	LEFT:2481	31	0	31	chr9:21815000-22135000	320000	104081	104112	1	31,	0,	104081,
31	0	0	0	0	0	0	0	+	LEFT:4922	31	0	31	chr9:21815000-22135000	320000	106522	106553	1	31,	0,	106522,
31	0	0	0	0	0	0	0	+	LEFT:9558	31	0	31	chr9:21815000-22135000	320000	111158	111189	1	31,	0,	111158,
31	0	0	0	0	0	0	0	+	LEFT:4535	31	0	31	chr9:21815000-22135000	320000	106135	106166	1	31,	0,	106135,
31	0	0	0	0	0	0	0	+	LEFT:3013	31	0	31	chr9:21815000-22135000	320000	104613	104644	1	31,	0,	104613,
31	0	0	0	0	0	0	0	+	LEFT:4069	31	0	31	chr9:21815000-22135000	320000	105669	105700	1	31,	0,	105669,
31	0	0	0	0	0	0	0	+	LEFT:1300	31	0	31	chr9:21815000-22135000	320000	102900	102931	1	31,	0,	102900,
31	0	0	0	0	0	0	0	+	LEFT:122	31	0	31	chr9:21815000-22135000	320000	101722	101753	1	31,	0,	101722,
31	0	0	0	0	0	0	0	+	LEFT:8183	31	0	31	chr9:21815000-22135000	320000	109783	109814	1	31,	0,	109783,
31	0	0	0	0	0	0	0	+	LEFT:7245	31	0	31	chr9:21815000-22135000	320000	108845	108876	1	31,	0,	108845,
31	0	0	0	0	0	0	0	+	LEFT:1399	31	0	31	chr9:21815000-22135000	320000	102999	103030	1	31,	0,	102999,
31	0	0	0	0	0	0	0	+	LEFT:566	31	0	31	chr9:21815000-22135000	320000	102166	102197	1	31,	0,	102166,
31	0	0	0	0	0	0	0	+	LEFT:9559	31	0	31	chr9:21815000-22135000	320000	111159	111190	1	31,	0,	111159,
31	0	0	0	0	0	0	0	+	LEFT:404	31	0	31	chr9:21815000-22135000	320000	102004	102035	1	31,	0,	102004,
31	0	0	0	0	0	0	0	-	RIGHT:12173	31	0	31	chr9:21815000-22135000	320000	195743	195774	1	31,	0,	195743,
31	0	0	0	0	0	0	0	-	RIGHT:12184	31	0	31	chr9:21815000-22135000	320000	195754	195785	1	31,	0,	195754,
31	0	0	0	0	0	0	0	-	RIGHT:14290	31	0	31	chr9:21815000-22135000	320000	197860	197891	1	31,	0,	197860,
31	0	0	0	0	0	0	0	-	RIGHT:11265	31	0	31	chr9:21815000-22135000	320000	194835	194866	1	31,	0,	194835,
31	0	0	0	0	0	0	0	-	RIGHT:12829	31	0	31	chr9:21815000-22135000	320000	196399	196430	1	31,	0,	196399,
31	0	0	0	0	0	0	0	-	RIGHT:14150	31	0	31	chr9:21815000-22135000	320000	197720	197751	1	31,	0,	197720,
31	0	0	0	0	0	0	0	-	RIGHT:14401	31	0	31	chr9:21815000-22135000	320000	197971	198002	1	31,	0,	197971,
31	0	0	0	0	0	0	0	-	RIGHT:12239	31	0	31	chr9:21815000-22135000	320000	195809	195840	1	31,	0,	195809,
31	0	0	0	0	0	0	0	-	RIGHT:16308	31	0	31	chr9:21815000-22135000	320000	199878	199909	1	31,	0,	199878,
31	0	0	0	0	0	0	0	-	RIGHT:12758	31	0	31	chr9:21815000-22135000	320000	196328	196359	1	31,	0,	196328,
31	0	0	0	0	0	0	0	-	RIGHT:19097	31	0	31	chr9:21815000-22135000	320000	202667	202698	1	31,	0,	202667,
31	0	0	0	0	0	0	0	-	RIGHT:19764	31	0	31	chr9:21815000-22135000	320000	203334	203365	1	31,	0,	203334,
31	0	0	0	0	0	0	0	-	RIGHT:19442	31	0	31	chr9:21815000-22135000	320000	203012	203043	1	31,	0,	203012,
31	0	0	0	0	0	0	0	-	RIGHT:16300	31	0	31	chr9:21815000-22135000	320000	199870	199901	1	31,	0,	199870,
31	0	0	0	0	0	0	0	-	RIGHT:16983	31	0	31	chr9:21815000-22135000	320000	200553	200584	1	31,	0,	200553,
31	0	0	0	0	0	0	0	-	RIGHT:12229	31	0	31	chr9:21815000-22135000	320000	195799	195830	1	31,	0,	195799,
31	0	0	0	0	0	0	0	-	RIGHT:18319	31	0	31	chr9:21815000-22135000	320000	201889	201920	1	31,	0,	201889,
31	0	0	0	0	0	0	0	-	RIGHT:19153	31	0	31	chr9:21815000-22135000	320000	202723	202754	1	31,	0,	202723,
31	0	0	0	0	0	0	0	-	RIGHT:13343	31	0	31	chr9:21815000-22135000	320000	196913	196944	1	31,	0,	196913,
31	0	0	0	0	0	0	0	-	RIGHT:18417	31	0	31	chr9:21815000-22135000	320000	201987	202018	1	31,	0,	201987,
31	0	0	0	0	0	0	0	-	RIGHT:18328	31	0	31	chr9:21815000-22135000	320000	201898	201929	1	31,	0,	201898,
31	0	0	0	0	0	0	0	-	RIGHT:12777	31	0	31	chr9:21815000-22135000	320000	196347	196378	1	31,	0,	196347,
31	0	0	0	0	0	0	0	-	RIGHT:13341	31	0	31	chr9:21815000-22135000	320000	196911	196942	1	31,	0,	196911,
31	0	0	0	0	0	0	0	-	RIGHT:14156	31	0	31	chr9:21815000-22135000	320000	197726	197757	1	31,	0,	197726,
31	0	0	0	0	0	0	0	-	RIGHT:19769	31	0	31	chr9:21815000-22135000	320000	203339	203370	1	31,	0,	203339,
31	0	0	0	0	0	0	0	-	RIGHT:12966	31	0	31	chr9:21815000-22135000	320000	196536	196567	1	31,	0,	196536,
31	0	0	0	0	0	0	0	-	RIGHT:18968	31	0	31	chr9:21815000-22135000	320000	202538	202569	1	31,	0,	202538,
17	0	0	0	0	0	1	1	+	RIGHT:15529	31	0	17	chr9:21815000-22135000	320000	267534	267552	2	13,4,	0,13,	267534,267548,
31	0	0	0	0	0	0	0	-	RIGHT:15529	31	0	31	chr9:21815000-22135000	320000	199099	199130	1	31,	0,	199099,
31	0	0	0	0	0	0	0	-	RIGHT:14409	31	0	31	chr9:21815000-22135000	320000	197979	198010	1	31,	0,	197979,
31	0	0	0	0	0	0	0	-	RIGHT:16806	31	0	31	chr9:21815000-22135000	320000	200376	200407	1	31,	0,	200376,
31	0	0	0	0	0	0	0	-	RIGHT:11550	31	0	31	chr9:21815000-22135000	320000	195120	195151	1	31,	0,	195120,
31	0	0	0	0	0	0	0	-	RIGHT:11692	31	0	31	chr9:21815000-22135000	320000	195262	195293	1	31,	0,	195262,
31	0	0	0	0	0	0	0	-	RIGHT:18467	31	0	31	chr9:21815000-22135000	320000	202037	202068	1	31,	0,	202037,
31	0	0	0	0	0	0	0	-	RIGHT:14687	31	0	31	chr9:21815000-22135000	320000	198257	198288	1	31,	0,	198257,
31	0	0	0	0	0	0	0	-	RIGHT:19770	31	0	31	chr9:21815000-22135000	320000	203340	203371	1	31,	0,	203340,
31	0	0	0	0	0	0	0	-	RIGHT:11541	31	0	31	chr9:21815000-22135000	320000	195111	195142	1	31,	0,	195111,
30	1	0	0	0	0	0	0	+	RIGHT:19573	31	0	31	chr9:21815000-22135000	320000	138843	138874	1	31,	0,	138843,
30	1	0	0	0	0	0	0	+	RIGHT:19573	31	0	31	chr9:21815000-22135000	320000	261218	261249	1	31,	0,	261218,
28	2	0	0	0	0	0	0	+	RIGHT:19573	31	1	31	chr9:21815000-22135000	320000	132056	132086	1	30,	1,	132056,
28	3	0	0	0	0	0	0	+	RIGHT:19573	31	0	31	chr9:21815000-22135000	320000	317849	317880	1	31,	0,	317849,
24	0	0	0	0	0	0	0	+	RIGHT:19573	31	0	24	chr9:21815000-22135000	320000	291381	291405	1	24,	0,	291381,
22	0	0	0	0	0	0	0	+	RIGHT:19573	31	0	22	chr9:21815000-22135000	320000	119865	119887	1	22,	0,	119865,
22	0	0	0	0	0	0	0	+	RIGHT:19573	31	0	22	chr9:21815000-22135000	320000	3492	3514	1	22,	0,	3492,
23	0	0	0	0	0	1	1	+	RIGHT:19573	31	0	23	chr9:21815000-22135000	320000	316661	316685	2	6,17,	0,6,	316661,316668,
21	0	0	0	1	1	0	0	+	RIGHT:19573	31	0	22	chr9:21815000-22135000	320000	259028	259049	2	14,7,	0,15,	259028,259042,
21	0	0	0	1	1	1	8	+	RIGHT:19573	31	0	22	chr9:21815000-22135000	320000	232952	232981	2	14,7,	0,15,	232952,232974,
31	0	0	0	0	0	0	0	-	RIGHT:19573	31	0	31	chr9:21815000-22135000	320000	203143	203174	1	31,	0,	203143,
29	2	0	0	0	0	0	0	-	RIGHT:19573	31	0	31	chr9:21815000-22135000	320000	135545	135576	1	31,	0,	135545,
29	2	0	0	0	0	0	0	-	RIGHT:19573	31	0	31	chr9:21815000-22135000	320000	203476	203507	1	31,	0,	203476,
28	2	0	0	0	0	0	0	-	RIGHT:19573	31	1	31	chr9:21815000-22135000	320000	103168	103198	1	30,	0,	103168,
28	3	0	0	0	0	0	0	-	RIGHT:19573	31	0	31	chr9:21815000-22135000	320000	141419	141450	1	31,	0,	141419,
30	1	0	0	0	0	1	411	-	RIGHT:19573	31	0	31	chr9:21815000-22135000	320000	25044	25486	2	25,6,	0,25,	25044,25480,
27	3	0	0	0	0	0	0	-	RIGHT:19573	31	1	31	chr9:21815000-22135000	320000	29849	29879	1	30,	0,	29849,
27	3	0	0	0	0	0	0	-	RIGHT:19573	31	1	31	chr9:21815000-22135000	320000	123092	123122	1	30,	0,	123092,
30	1	0	0	0	0	1	233	-	RIGHT:19573	31	0	31	chr9:21815000-22135000	320000	242935	243199	2	24,7,	0,24,	242935,243192,
23	0	0	0	0	0	0	0	-	RIGHT:19573	31	0	23	chr9:21815000-22135000	320000	161206	161229	1	23,	8,	161206,
22	0	0	0	0	0	0	0	-	RIGHT:19573	31	0	22	chr9:21815000-22135000	320000	122167	122189	1	22,	9,	122167,
22	0	0	0	0	0	0	0	-	RIGHT:19573	31	0	22	chr9:21815000-22135000	320000	57141	57163	1	22,	9,	57141,
22	0	0	0	0	0	0	0	-	RIGHT:19573	31	1	23	chr9:21815000-22135000	320000	48433	48455	1	22,	8,	48433,
22	0	0	0	0	0	1	4	-	RIGHT:19573	31	0	22	chr9:21815000-22135000	320000	264312	264338	2	12,10,	9,21,	264312,264328,
21	0	0	0	0	0	1	7	-	RIGHT:19573	31	0	21	chr9:21815000-22135000	320000	208563	208591	2	15,6,	10,25,	208563,208585,
31	0	0	0	0	0	0	0	-	RIGHT:16986	31	0	31	chr9:21815000-22135000	320000	200556	200587	1	31,	0,	200556,
31	0	0	0	0	0	0	0	-	RIGHT:18420	31	0	31	chr9:21815000-22135000	320000	201990	202021	1	31,	0,	201990,
31	0	0	0	0	0	0	0	-	RIGHT:12243	31	0	31	chr9:21815000-22135000	320000	195813	195844	1	31,	0,	195813,
31	0	0	0	0	0	0	0	-	RIGHT:16730	31	0	31	chr9:21815000-22135000	320000	200300	200331	1	31,	0,	200300,
31	0	0	0	0	0	0	0	-	RIGHT:12775	31	0	31	chr9:21815000-22135000	320000	196345	196376	1	31,	0,	196345,
31	0	0	0	0	0	0	0	-	RIGHT:14288	31	0	31	chr9:21815000-22135000	320000	197858	197889	1	31,	0,	197858,
31	0	0	0	0	0	0	0	-	RIGHT:14682	31	0	31	chr9:21815000-22135000	320000	198252	198283	1	31,	0,	198252,
31	0	0	0	0	0	0	0	-	RIGHT:16795	31	0	31	chr9:21815000-22135000	320000	200365	200396	1	31,	0,	200365,
31	0	0	0	0	0	0	0	-	RIGHT:12826	31	0	31	chr9:21815000-22135000	320000	196396	196427	1	31,	0,	196396,
31	0	0	0	0	0	0	0	-	RIGHT:19358	31	0	31	chr9:21815000-22135000	320000	202928	202959	1	31,	0,	202928,
31	0	0	0	0	0	0	0	-	RIGHT:13125	31	0	31	chr9:21815000-22135000	320000	196695	196726	1	31,	0,	196695,
31	0	0	0	0	0	0	0	-	RIGHT:15343	31	0	31	chr9:21815000-22135000	320000	198913	198944	1	31,	0,	198913,
31	0	0	0	0	0	0	0	-	RIGHT:12178	31	0	31	chr9:21815000-22135000	320000	195748	195779	1	31,	0,	195748,
31	0	0	0	0	0	0	0	-	RIGHT:12175	31	0	31	chr9:21815000-22135000	320000	195745	195776	1	31,	0,	195745,
31	0	0	0	0	0	0	0	-	RIGHT:15364	31	0	31	chr9:21815000-22135000	320000	198934	198965	1	31,	0,	198934,
31	0	0	0	0	0	0	0	-	RIGHT:13325	31	0	31	chr9:21815000-22135000	320000	196895	196926	1	31,	0,	196895,
15	0	0	0	0	0	0	0	+	RIGHT:18916	31	0	15	chr9:21815000-22135000	320000	138374	138389	1	15,	0,	138374,
31	0	0	0	0	0	0	0	-	RIGHT:18916	31	0	31	chr9:21815000-22135000	320000	202486	202517	1	31,	0,	202486,
31	0	0	0	0	0	0	0	-	RIGHT:14850	31	0	31	chr9:21815000-22135000	320000	198420	198451	1	31,	0,	198420,
31	0	0	0	0	0	0	0	-	RIGHT:19075	31	0	31	chr9:21815000-22135000	320000	202645	202676	1	31,	0,	202645,
31	0	0	0	0	0	0	0	-	RIGHT:19447	31	0	31	chr9:21815000-22135000	320000	203017	203048	1	31,	0,	203017,
31	0	0	0	0	0	0	0	-	RIGHT:16875	31	0	31	chr9:21815000-22135000	320000	200445	200476	1	31,	0,	200445,
31	0	0	0	0	0	0	0	-	RIGHT:16802	31	0	31	chr9:21815000-22135000	320000	200372	200403	1	31,	0,	200372,
31	0	0	0	0	0	0	0	-	RIGHT:12760	31	0	31	chr9:21815000-22135000	320000	196330	196361	1	31,	0,	196330,
31	0	0	0	0	0	0	0	-	RIGHT:19085	31	0	31	chr9:21815000-22135000	320000	202655	202686	1	31,	0,	202655,
31	0	0	0	0	0	0	0	-	RIGHT:11626	31	0	31	chr9:21815000-22135000	320000	195196	195227	1	31,	0,	195196,
31	0	0	0	0	0	0	0	-	RIGHT:12899	31	0	31	chr9:21815000-22135000	320000	196469	196500	1	31,	0,	196469,
31	0	0	0	0	0	0	0	-	RIGHT:16302	31	0	31	chr9:21815000-22135000	320000	199872	199903	1	31,	0,	199872,
31	0	0	0	0	0	0	0	-	RIGHT:13171	31	0	31	chr9:21815000-22135000	320000	196741	196772	1	31,	0,	196741,
31	0	0	0	0	0	0	0	-	RIGHT:11505	31	0	31	chr9:21815000-22135000	320000	195075	195106	1	31,	0,	195075,
31	0	0	0	0	0	0	0	-	RIGHT:14302	31	0	31	chr9:21815000-22135000	320000	197872	197903	1	31,	0,	197872,
31	0	0	0	0	0	0	0	-	RIGHT:18256	31	0	31	chr9:21815000-22135000	320000	201826	201857	1	31,	0,	201826,
31	0	0	0	0	0	0	0	-	RIGHT:15479	31	0	31	chr9:21815000-22135000	320000	199049	199080	1	31,	0,	199049,
30	1	0	0	0	0	0	0	+	RIGHT:17962	31	0	31	chr9:21815000-22135000	320000	276221	276252	1	31,	0,	276221,
30	1	0	0	0	0	0	0	+	RIGHT:17962	31	0	31	chr9:21815000-22135000	320000	5535	5566	1	31,	0,	5535,
29	1	0	0	0	0	0	0	+	RIGHT:17962	31	1	31	chr9:21815000-22135000	320000	206319	206349	1	30,	1,	206319,
31	0	0	0	0	0	0	0	-	RIGHT:17962	31	0	31	chr9:21815000-22135000	320000	201532	201563	1	31,	0,	201532,
31	0	0	0	0	0	0	0	-	RIGHT:17962	31	0	31	chr9:21815000-22135000	320000	82966	82997	1	31,	0,	82966,
30	1	0	0	0	0	0	0	-	RIGHT:17962	31	0	31	chr9:21815000-22135000	320000	98363	98394	1	31,	0,	98363,
29	2	0	0	0	0	0	0	-	RIGHT:17962	31	0	31	chr9:21815000-22135000	320000	30849	30880	1	31,	0,	30849,
31	0	0	0	0	0	0	0	-	RIGHT:12913	31	0	31	chr9:21815000-22135000	320000	196483	196514	1	31,	0,	196483,
31	0	0	0	0	0	0	0	-	RIGHT:18449	31	0	31	chr9:21815000-22135000	320000	202019	202050	1	31,	0,	202019,
31	0	0	0	0	0	0	0	-	RIGHT:15405	31	0	31	chr9:21815000-22135000	320000	198975	199006	1	31,	0,	198975,
31	0	0	0	0	0	0	0	-	RIGHT:15297	31	0	31	chr9:21815000-22135000	320000	198867	198898	1	31,	0,	198867,
29	2	0	0	0	0	0	0	+	RIGHT:17393	31	0	31	chr9:21815000-22135000	320000	98891	98922	1	31,	0,	98891,
29	2	0	0	0	0	0	0	+	RIGHT:17393	31	0	31	chr9:21815000-22135000	320000	83493	83524	1	31,	0,	83493,
17	0	0	0	0	0	0	0	+	RIGHT:17393	31	0	17	chr9:21815000-22135000	320000	85286	85303	1	17,	0,	85286,
31	0	0	0	0	0	0	0	-	RIGHT:17393	31	0	31	chr9:21815000-22135000	320000	275694	275725	1	31,	0,	275694,
31	0	0	0	0	0	0	0	-	RIGHT:17393	31	0	31	chr9:21815000-22135000	320000	200963	200994	1	31,	0,	200963,
30	1	0	0	0	0	0	0	-	RIGHT:17393	31	0	31	chr9:21815000-22135000	320000	148004	148035	1	31,	0,	148004,
30	1	0	0	0	0	0	0	-	RIGHT:17393	31	0	31	chr9:21815000-22135000	320000	5010	5041	1	31,	0,	5010,
29	2	0	0	0	0	0	0	-	RIGHT:17393	31	0	31	chr9:21815000-22135000	320000	60459	60490	1	31,	0,	60459,
31	0	0	0	0	0	0	0	-	RIGHT:19762	31	0	31	chr9:21815000-22135000	320000	203332	203363	1	31,	0,	203332,
31	0	0	0	0	0	0	0	-	RIGHT:13327	31	0	31	chr9:21815000-22135000	320000	196897	196928	1	31,	0,	196897,
31	0	0	0	0	0	0	0	-	RIGHT:12295	31	0	31	chr9:21815000-22135000	320000	195865	195896	1	31,	0,	195865,
31	0	0	0	0	0	0	0	-	RIGHT:12289	31	0	31	chr9:21815000-22135000	320000	195859	195890	1	31,	0,	195859,
31	0	0	0	0	0	0	0	-	RIGHT:15891	31	0	31	chr9:21815000-22135000	320000	199461	199492	1	31,	0,	199461,
31	0	0	0	0	0	0	0	-	RIGHT:14405	31	0	31	chr9:21815000-22135000	320000	197975	198006	1	31,	0,	197975,
31	0	0	0	0	0	0	0	-	RIGHT:18964	31	0	31	chr9:21815000-22135000	320000	202534	202565	1	31,	0,	202534,
31	0	0	0	0	0	0	0	-	RIGHT:12903	31	0	31	chr9:21815000-22135000	320000	196473	196504	1	31,	0,	196473,
30	1	0	0	0	0	0	0	+	RIGHT:17966	31	0	31	chr9:21815000-22135000	320000	276217	276248	1	31,	0,	276217,
31	0	0	0	0	0	0	0	-	RIGHT:17966	31	0	31	chr9:21815000-22135000	320000	201536	201567	1	31,	0,	201536,
31	0	0	0	0	0	0	0	-	RIGHT:17966	31	0	31	chr9:21815000-22135000	320000	82970	83001	1	31,	0,	82970,
30	1	0	0	0	0	0	0	-	RIGHT:17966	31	0	31	chr9:21815000-22135000	320000	98367	98398	1	31,	0,	98367,
28	3	0	0	0	0	0	0	-	RIGHT:17966	31	0	31	chr9:21815000-22135000	320000	136434	136465	1	31,	0,	136434,
22	1	0	0	0	0	0	0	-	RIGHT:17966	31	8	31	chr9:21815000-22135000	320000	30853	30876	1	23,	0,	30853,
31	0	0	0	0	0	0	0	-	RIGHT:15562	31	0	31	chr9:21815000-22135000	320000	199132	199163	1	31,	0,	199132,
31	0	0	0	0	0	0	0	-	RIGHT:11688	31	0	31	chr9:21815000-22135000	320000	195258	195289	1	31,	0,	195258,
31	0	0	0	0	0	0	0	-	RIGHT:11450	31	0	31	chr9:21815000-22135000	320000	195020	195051	1	31,	0,	195020,
31	0	0	0	0	0	0	0	-	RIGHT:12907	31	0	31	chr9:21815000-22135000	320000	196477	196508	1	31,	0,	196477,
31	0	0	0	0	0	0	0	-	RIGHT:15301	31	0	31	chr9:21815000-22135000	320000	198871	198902	1	31,	0,	198871,
31	0	0	0	0	0	0	0	-	RIGHT:16134	31	0	31	chr9:21815000-22135000	320000	199704	199735	1	31,	0,	199704,
31	0	0	0	0	0	0	0	-	RIGHT:19059	31	0	31	chr9:21815000-22135000	320000	202629	202660	1	31,	0,	202629,
31	0	0	0	0	0	0	0	-	RIGHT:12170	31	0	31	chr9:21815000-22135000	320000	195740	195771	1	31,	0,	195740,
31	0	0	0	0	0	0	0	-	RIGHT:15400	31	0	31	chr9:21815000-22135000	320000	198970	199001	1	31,	0,	198970,
31	0	0	0	0	0	0	0	-	RIGHT:16734	31	0	31	chr9:21815000-22135000	320000	200304	200335	1	31,	0,	200304,
30	1	0	0	0	0	0	0	+	RIGHT:18008	31	0	31	chr9:21815000-22135000	320000	276175	276206	1	31,	0,	276175,
31	0	0	0	0	0	0	0	-	RIGHT:18008	31	0	31	chr9:21815000-22135000	320000	201578	201609	1	31,	0,	201578,
30	1	0	0	0	0	0	0	-	RIGHT:18008	31	0	31	chr9:21815000-22135000	320000	98409	98440	1	31,	0,	98409,
30	1	0	0	0	0	0	0	-	RIGHT:18008	31	0	31	chr9:21815000-22135000	320000	83012	83043	1	31,	0,	83012,
31	0	0	0	0	0	0	0	-	RIGHT:15939	31	0	31	chr9:21815000-22135000	320000	199509	199540	1	31,	0,	199509,
31	0	0	0	0	0	0	0	-	RIGHT:19375	31	0	31	chr9:21815000-22135000	320000	202945	202976	1	31,	0,	202945,
31	0	0	0	0	0	0	0	-	RIGHT:14127	31	0	31	chr9:21815000-22135000	320000	197697	197728	1	31,	0,	197697,
31	0	0	0	0	0	0	0	-	RIGHT:14125	31	0	31	chr9:21815000-22135000	320000	197695	197726	1	31,	0,	197695,
31	0	0	0	0	0	0	0	-	RIGHT:15523	31	0	31	chr9:21815000-22135000	320000	199093	199124	1	31,	0,	199093,
15	0	0	0	0	0	0	0	+	RIGHT:14854	31	0	15	chr9:21815000-22135000	320000	317459	317474	1	15,	0,	317459,
31	0	0	0	0	0	0	0	-	RIGHT:14854	31	0	31	chr9:21815000-22135000	320000	198424	198455	1	31,	0,	198424,
19	0	0	0	0	0	1	2	-	RIGHT:14854	31	1	20	chr9:21815000-22135000	320000	14391	14412	2	13,6,	11,24,	14391,14406,
31	0	0	0	0	0	0	0	-	RIGHT:14419	31	0	31	chr9:21815000-22135000	320000	197989	198020	1	31,	0,	197989,
31	0	0	0	0	0	0	0	-	RIGHT:19280	31	0	31	chr9:21815000-22135000	320000	202850	202881	1	31,	0,	202850,
31	0	0	0	0	0	0	0	-	RIGHT:12300	31	0	31	chr9:21815000-22135000	320000	195870	195901	1	31,	0,	195870,
31	0	0	0	0	0	0	0	-	RIGHT:19449	31	0	31	chr9:21815000-22135000	320000	203019	203050	1	31,	0,	203019,
31	0	0	0	0	0	0	0	-	RIGHT:16732	31	0	31	chr9:21815000-22135000	320000	200302	200333	1	31,	0,	200302,
31	0	0	0	0	0	0	0	-	RIGHT:19080	31	0	31	chr9:21815000-22135000	320000	202650	202681	1	31,	0,	202650,
31	0	0	0	0	0	0	0	-	RIGHT:16780	31	0	31	chr9:21815000-22135000	320000	200350	200381	1	31,	0,	200350,
31	0	0	0	0	0	0	0	-	RIGHT:18914	31	0	31	chr9:21815000-22135000	320000	202484	202515	1	31,	0,	202484,
31	0	0	0	0	0	0	0	-	RIGHT:19360	31	0	31	chr9:21815000-22135000	320000	202930	202961	1	31,	0,	202930,
31	0	0	0	0	0	0	0	-	RIGHT:19066	31	0	31	chr9:21815000-22135000	320000	202636	202667	1	31,	0,	202636,
31	0	0	0	0	0	0	0	-	RIGHT:15522	31	0	31	chr9:21815000-22135000	320000	199092	199123	1	31,	0,	199092,
31	0	0	0	0	0	0	0	-	RIGHT:19450	31	0	31	chr9:21815000-22135000	320000	203020	203051	1	31,	0,	203020,
31	0	0	0	0	0	0	0	-	RIGHT:19073	31	0	31	chr9:21815000-22135000	320000	202643	202674	1	31,	0,	202643,
31	0	0	0	0	0	0	0	-	RIGHT:14343	31	0	31	chr9:21815000-22135000	320000	197913	197944	1	31,	0,	197913,
31	0	0	0	0	0	0	0	-	RIGHT:13489	31	0	31	chr9:21815000-22135000	320000	197059	197090	1	31,	0,	197059,
31	0	0	0	0	0	0	0	-	RIGHT:11452	31	0	31	chr9:21815000-22135000	320000	195022	195053	1	31,	0,	195022,
31	0	0	0	0	0	0	0	-	RIGHT:16012	31	0	31	chr9:21815000-22135000	320000	199582	199613	1	31,	0,	199582,
31	0	0	0	0	0	0	0	-	RIGHT:11261	31	0	31	chr9:21815000-22135000	320000	194831	194862	1	31,	0,	194831,
17	0	0	0	0	0	1	1	+	RIGHT:15538	31	9	26	chr9:21815000-22135000	320000	267534	267552	2	13,4,	9,22,	267534,267548,
31	0	0	0	0	0	0	0	-	RIGHT:15538	31	0	31	chr9:21815000-22135000	320000	199108	199139	1	31,	0,	199108,
31	0	0	0	0	0	0	0	-	RIGHT:15293	31	0	31	chr9:21815000-22135000	320000	198863	198894	1	31,	0,	198863,
30	1	0	0	0	0	0	0	+	RIGHT:19578	31	0	31	chr9:21815000-22135000	320000	138838	138869	1	31,	0,	138838,
27	0	0	0	0	0	0	0	+	RIGHT:19578	31	0	27	chr9:21815000-22135000	320000	3487	3514	1	27,	0,	3487,
28	1	0	0	0	0	0	0	+	RIGHT:19578	31	2	31	chr9:21815000-22135000	320000	291378	291407	1	29,	2,	291378,
26	0	0	0	0	0	0	0	+	RIGHT:19578	31	1	27	chr9:21815000-22135000	320000	119861	119887	1	26,	1,	119861,
27	1	0	0	0	0	0	0	+	RIGHT:19578	31	0	28	chr9:21815000-22135000	320000	162525	162553	1	28,	0,	162525,
27	1	0	0	0	0	0	0	+	RIGHT:19578	31	3	31	chr9:21815000-22135000	320000	261216	261244	1	28,	3,	261216,
26	0	0	0	0	0	0	0	+	RIGHT:19578	31	1	27	chr9:21815000-22135000	320000	317845	317871	1	26,	1,	317845,
26	1	0	0	0	0	0	0	+	RIGHT:19578	31	0	27	chr9:21815000-22135000	320000	146205	146232	1	27,	0,	146205,
27	0	0	0	0	0	1	1	+	RIGHT:19578	31	1	28	chr9:21815000-22135000	320000	311733	311761	2	5,22,	1,6,	311733,311739,
26	2	0	0	0	0	0	0	+	RIGHT:19578	31	0	28	chr9:21815000-22135000	320000	45902	45930	1	28,	0,	45902,
26	1	0	0	0	0	1	1	+	RIGHT:19578	31	1	28	chr9:21815000-22135000	320000	316657	316685	2	5,22,	1,6,	316657,316663,
25	2	0	0	0	0	0	0	+	RIGHT:19578	31	0	27	chr9:21815000-22135000	320000	312241	312268	1	27,	0,	312241,
22	0	0	0	0	0	0	0	+	RIGHT:19578	31	6	28	chr9:21815000-22135000	320000	132056	132078	1	22,	6,	132056,
26	0	0	0	0	0	1	356	+	RIGHT:19578	31	0	26	chr9:21815000-22135000	320000	158694	159076	2	6,20,	0,6,	158694,159056,
21	0	0	0	0	0	0	0	+	RIGHT:19578	31	6	27	chr9:21815000-22135000	320000	100258	100279	1	21,	6,	100258,
20	0	0	0	0	0	0	0	+	RIGHT:19578	31	7	27	chr9:21815000-22135000	320000	239918	239938	1	20,	7,	239918,
31	0	0	0	0	0	0	0	-	RIGHT:19578	31	0	31	chr9:21815000-22135000	320000	203148	203179	1	31,	0,	203148,
28	0	0	0	0	0	0	0	-	RIGHT:19578	31	0	28	chr9:21815000-22135000	320000	161206	161234	1	28,	3,	161206,
28	0	0	0	0	0	0	0	-	RIGHT:19578	31	0	28	chr9:21815000-22135000	320000	203484	203512	1	28,	3,	203484,
27	0	0	0	0	0	0	0	-	RIGHT:19578	31	0	27	chr9:21815000-22135000	320000	122167	122194	1	27,	4,	122167,
27	0	0	0	0	0	0	0	-	RIGHT:19578	31	0	27	chr9:21815000-22135000	320000	141428	141455	1	27,	4,	141428,
28	0	0	0	0	0	1	1	-	RIGHT:19578	31	0	28	chr9:21815000-22135000	320000	48433	48462	2	22,6,	3,25,	48433,48456,
27	0	0	0	0	0	1	1	-	RIGHT:19578	31	1	28	chr9:21815000-22135000	320000	103176	103204	2	22,5,	3,25,	103176,103199,
24	0	0	0	0	0	0	0	-	RIGHT:19578	31	3	27	chr9:21815000-22135000	320000	57141	57165	1	24,	4,	57141,
26	0	0	0	0	0	1	2	-	RIGHT:19578	31	1	27	chr9:21815000-22135000	320000	29858	29886	2	21,5,	4,25,	29858,29881,
21	0	0	0	0	0	0	0	-	RIGHT:19578	31	6	27	chr9:21815000-22135000	320000	123101	123122	1	21,	4,	123101,
21	1	0	0	0	0	0	0	-	RIGHT:19578	31	6	28	chr9:21815000-22135000	320000	13501	13523	1	22,	3,	13501,
31	0	0	0	0	0	0	0	-	RIGHT:16144	31	0	31	chr9:21815000-22135000	320000	199714	199745	1	31,	0,	199714,
31	0	0	0	0	0	0	0	-	RIGHT:15350	31	0	31	chr9:21815000-22135000	320000	198920	198951	1	31,	0,	198920,
31	0	0	0	0	0	0	0	-	RIGHT:12169	31	0	31	chr9:21815000-22135000	320000	195739	195770	1	31,	0,	195739,
31	0	0	0	0	0	0	0	-	RIGHT:11624	31	0	31	chr9:21815000-22135000	320000	195194	195225	1	31,	0,	195194,
31	0	0	0	0	0	0	0	-	RIGHT:14341	31	0	31	chr9:21815000-22135000	320000	197911	197942	1	31,	0,	197911,
30	1	0	0	0	0	0	0	+	RIGHT:18072	31	0	31	chr9:21815000-22135000	320000	276111	276142	1	31,	0,	276111,
21	2	0	0	0	0	0	0	+	RIGHT:18072	31	0	23	chr9:21815000-22135000	320000	206159	206182	1	23,	0,	206159,
31	0	0	0	0	0	0	0	-	RIGHT:18072	31	0	31	chr9:21815000-22135000	320000	201642	201673	1	31,	0,	201642,
31	0	0	0	0	0	0	0	-	RIGHT:16783	31	0	31	chr9:21815000-22135000	320000	200353	200384	1	31,	0,	200353,
30	1	0	0	0	0	0	0	+	RIGHT:17964	31	0	31	chr9:21815000-22135000	320000	276219	276250	1	31,	0,	276219,
31	0	0	0	0	0	0	0	-	RIGHT:17964	31	0	31	chr9:21815000-22135000	320000	201534	201565	1	31,	0,	201534,
31	0	0	0	0	0	0	0	-	RIGHT:17964	31	0	31	chr9:21815000-22135000	320000	82968	82999	1	31,	0,	82968,
30	1	0	0	0	0	0	0	-	RIGHT:17964	31	0	31	chr9:21815000-22135000	320000	98365	98396	1	31,	0,	98365,
24	1	0	0	0	0	0	0	-	RIGHT:17964	31	6	31	chr9:21815000-22135000	320000	30851	30876	1	25,	0,	30851,
31	0	0	0	0	0	0	0	-	RIGHT:15964	31	0	31	chr9:21815000-22135000	320000	199534	199565	1	31,	0,	199534,
31	0	0	0	0	0	0	0	-	RIGHT:13491	31	0	31	chr9:21815000-22135000	320000	197061	197092	1	31,	0,	197061,
